{"C:\\Projects\\webdev\\NGOreactproject\\Gith_project\\GoodWill_2.0\\backend\\add.js": {"path":"C:\\Projects\\webdev\\NGOreactproject\\Gith_project\\GoodWill_2.0\\backend\\add.js","statementMap":{"0":{"start":{"line":2,"column":4},"end":{"line":2,"column":17}},"1":{"start":{"line":5,"column":2},"end":{"line":5,"column":23}}},"fnMap":{"0":{"name":"add","decl":{"start":{"line":1,"column":9},"end":{"line":1,"column":12}},"loc":{"start":{"line":1,"column":19},"end":{"line":3,"column":3}},"line":1}},"branchMap":{},"s":{"0":0,"1":0},"f":{"0":0},"b":{}}
,"C:\\Projects\\webdev\\NGOreactproject\\Gith_project\\GoodWill_2.0\\backend\\app.js": {"path":"C:\\Projects\\webdev\\NGOreactproject\\Gith_project\\GoodWill_2.0\\backend\\app.js","statementMap":{"0":{"start":{"line":1,"column":19},"end":{"line":1,"column":41}},"1":{"start":{"line":2,"column":16},"end":{"line":2,"column":34}},"2":{"start":{"line":3,"column":12},"end":{"line":3,"column":21}},"3":{"start":{"line":4,"column":13},"end":{"line":4,"column":28}},"4":{"start":{"line":5,"column":18},"end":{"line":5,"column":57}},"5":{"start":{"line":6,"column":21},"end":{"line":6,"column":58}},"6":{"start":{"line":7,"column":15},"end":{"line":7,"column":51}},"7":{"start":{"line":8,"column":16},"end":{"line":8,"column":50}},"8":{"start":{"line":9,"column":21},"end":{"line":9,"column":45}},"9":{"start":{"line":10,"column":11},"end":{"line":10,"column":44}},"10":{"start":{"line":11,"column":15},"end":{"line":11,"column":32}},"11":{"start":{"line":12,"column":15},"end":{"line":12,"column":32}},"12":{"start":{"line":13,"column":13},"end":{"line":13,"column":28}},"13":{"start":{"line":14,"column":19},"end":{"line":14,"column":36}},"14":{"start":{"line":16,"column":11},"end":{"line":16,"column":24}},"15":{"start":{"line":18,"column":18},"end":{"line":18,"column":47}},"16":{"start":{"line":19,"column":21},"end":{"line":19,"column":45}},"17":{"start":{"line":20,"column":18},"end":{"line":20,"column":47}},"18":{"start":{"line":21,"column":0},"end":{"line":21,"column":9}},"19":{"start":{"line":24,"column":16},"end":{"line":43,"column":1}},"20":{"start":{"line":44,"column":14},"end":{"line":44,"column":35}},"21":{"start":{"line":45,"column":0},"end":{"line":45,"column":62}},"22":{"start":{"line":48,"column":0},"end":{"line":48,"column":70}},"23":{"start":{"line":50,"column":0},"end":{"line":50,"column":45}},"24":{"start":{"line":51,"column":0},"end":{"line":51,"column":27}},"25":{"start":{"line":52,"column":0},"end":{"line":52,"column":24}},"26":{"start":{"line":53,"column":0},"end":{"line":53,"column":24}},"27":{"start":{"line":54,"column":0},"end":{"line":54,"column":50}},"28":{"start":{"line":55,"column":0},"end":{"line":55,"column":39}},"29":{"start":{"line":56,"column":0},"end":{"line":61,"column":2}},"30":{"start":{"line":62,"column":13},"end":{"line":62,"column":29}},"31":{"start":{"line":63,"column":23},"end":{"line":63,"column":45}},"32":{"start":{"line":65,"column":18},"end":{"line":65,"column":68}},"33":{"start":{"line":66,"column":0},"end":{"line":66,"column":51}},"34":{"start":{"line":69,"column":0},"end":{"line":69,"column":27}},"35":{"start":{"line":71,"column":0},"end":{"line":71,"column":34}},"36":{"start":{"line":72,"column":0},"end":{"line":76,"column":2}},"37":{"start":{"line":79,"column":14},"end":{"line":79,"column":30}},"38":{"start":{"line":80,"column":17},"end":{"line":80,"column":41}},"39":{"start":{"line":81,"column":20},"end":{"line":81,"column":57}},"40":{"start":{"line":94,"column":0},"end":{"line":96,"column":3}},"41":{"start":{"line":95,"column":2},"end":{"line":95,"column":48}},"42":{"start":{"line":97,"column":0},"end":{"line":99,"column":3}},"43":{"start":{"line":98,"column":2},"end":{"line":98,"column":43}},"44":{"start":{"line":118,"column":14},"end":{"line":118,"column":29}},"45":{"start":{"line":119,"column":2},"end":{"line":130,"column":5}},"46":{"start":{"line":120,"column":4},"end":{"line":123,"column":5}},"47":{"start":{"line":121,"column":6},"end":{"line":121,"column":41}},"48":{"start":{"line":122,"column":6},"end":{"line":122,"column":13}},"49":{"start":{"line":125,"column":4},"end":{"line":129,"column":5}},"50":{"start":{"line":126,"column":6},"end":{"line":126,"column":33}},"51":{"start":{"line":128,"column":6},"end":{"line":128,"column":13}},"52":{"start":{"line":133,"column":13},"end":{"line":145,"column":2}},"53":{"start":{"line":136,"column":6},"end":{"line":136,"column":28}},"54":{"start":{"line":139,"column":6},"end":{"line":142,"column":8}},"55":{"start":{"line":148,"column":23},"end":{"line":148,"column":60}},"56":{"start":{"line":149,"column":0},"end":{"line":149,"column":43}},"57":{"start":{"line":152,"column":18},"end":{"line":152,"column":50}},"58":{"start":{"line":153,"column":0},"end":{"line":153,"column":33}},"59":{"start":{"line":154,"column":17},"end":{"line":154,"column":27}},"60":{"start":{"line":156,"column":13},"end":{"line":156,"column":17}},"61":{"start":{"line":158,"column":0},"end":{"line":213,"column":3}},"62":{"start":{"line":159,"column":2},"end":{"line":159,"column":31}},"63":{"start":{"line":160,"column":2},"end":{"line":212,"column":3}},"64":{"start":{"line":161,"column":15},"end":{"line":161,"column":31}},"65":{"start":{"line":162,"column":19},"end":{"line":162,"column":35}},"66":{"start":{"line":163,"column":4},"end":{"line":163,"column":24}},"67":{"start":{"line":164,"column":4},"end":{"line":166,"column":5}},"68":{"start":{"line":165,"column":6},"end":{"line":165,"column":16}},"69":{"start":{"line":167,"column":4},"end":{"line":167,"column":22}},"70":{"start":{"line":168,"column":21},"end":{"line":171,"column":5}},"71":{"start":{"line":172,"column":14},"end":{"line":172,"column":49}},"72":{"start":{"line":173,"column":4},"end":{"line":208,"column":5}},"73":{"start":{"line":174,"column":6},"end":{"line":174,"column":23}},"74":{"start":{"line":175,"column":6},"end":{"line":175,"column":45}},"75":{"start":{"line":177,"column":6},"end":{"line":207,"column":11}},"76":{"start":{"line":180,"column":10},"end":{"line":180,"column":31}},"77":{"start":{"line":181,"column":30},"end":{"line":181,"column":32}},"78":{"start":{"line":182,"column":10},"end":{"line":184,"column":13}},"79":{"start":{"line":183,"column":12},"end":{"line":183,"column":46}},"80":{"start":{"line":185,"column":10},"end":{"line":185,"column":35}},"81":{"start":{"line":186,"column":25},"end":{"line":186,"column":27}},"82":{"start":{"line":187,"column":30},"end":{"line":189,"column":11}},"83":{"start":{"line":188,"column":33},"end":{"line":188,"column":74}},"84":{"start":{"line":188,"column":65},"end":{"line":188,"column":73}},"85":{"start":{"line":191,"column":10},"end":{"line":191,"column":35}},"86":{"start":{"line":194,"column":10},"end":{"line":200,"column":13}},"87":{"start":{"line":195,"column":12},"end":{"line":199,"column":13}},"88":{"start":{"line":196,"column":14},"end":{"line":198,"column":15}},"89":{"start":{"line":197,"column":16},"end":{"line":197,"column":37}},"90":{"start":{"line":202,"column":10},"end":{"line":202,"column":53}},"91":{"start":{"line":203,"column":10},"end":{"line":203,"column":30}},"92":{"start":{"line":206,"column":10},"end":{"line":206,"column":27}},"93":{"start":{"line":210,"column":4},"end":{"line":210,"column":21}},"94":{"start":{"line":211,"column":4},"end":{"line":211,"column":32}},"95":{"start":{"line":216,"column":16},"end":{"line":216,"column":57}},"96":{"start":{"line":217,"column":0},"end":{"line":217,"column":36}},"97":{"start":{"line":219,"column":27},"end":{"line":219,"column":65}},"98":{"start":{"line":220,"column":18},"end":{"line":220,"column":36}},"99":{"start":{"line":221,"column":0},"end":{"line":221,"column":47}},"100":{"start":{"line":223,"column":17},"end":{"line":223,"column":45}},"101":{"start":{"line":224,"column":0},"end":{"line":224,"column":31}},"102":{"start":{"line":226,"column":19},"end":{"line":226,"column":50}},"103":{"start":{"line":227,"column":0},"end":{"line":227,"column":30}},"104":{"start":{"line":229,"column":23},"end":{"line":229,"column":51}},"105":{"start":{"line":230,"column":0},"end":{"line":230,"column":37}},"106":{"start":{"line":233,"column":17},"end":{"line":233,"column":36}},"107":{"start":{"line":234,"column":17},"end":{"line":234,"column":40}},"108":{"start":{"line":259,"column":0},"end":{"line":270,"column":3}},"109":{"start":{"line":260,"column":13},"end":{"line":260,"column":24}},"110":{"start":{"line":261,"column":2},"end":{"line":261,"column":41}},"111":{"start":{"line":263,"column":2},"end":{"line":269,"column":3}},"112":{"start":{"line":264,"column":4},"end":{"line":264,"column":42}},"113":{"start":{"line":265,"column":4},"end":{"line":265,"column":61}},"114":{"start":{"line":267,"column":4},"end":{"line":267,"column":23}},"115":{"start":{"line":268,"column":4},"end":{"line":268,"column":61}},"116":{"start":{"line":272,"column":13},"end":{"line":272,"column":49}},"117":{"start":{"line":273,"column":0},"end":{"line":284,"column":3}},"118":{"start":{"line":274,"column":13},"end":{"line":274,"column":24}},"119":{"start":{"line":275,"column":2},"end":{"line":275,"column":41}},"120":{"start":{"line":277,"column":2},"end":{"line":283,"column":3}},"121":{"start":{"line":278,"column":4},"end":{"line":278,"column":37}},"122":{"start":{"line":279,"column":4},"end":{"line":279,"column":61}},"123":{"start":{"line":281,"column":4},"end":{"line":281,"column":23}},"124":{"start":{"line":282,"column":4},"end":{"line":282,"column":61}},"125":{"start":{"line":286,"column":17},"end":{"line":286,"column":56}},"126":{"start":{"line":287,"column":0},"end":{"line":298,"column":3}},"127":{"start":{"line":288,"column":13},"end":{"line":288,"column":24}},"128":{"start":{"line":289,"column":2},"end":{"line":289,"column":41}},"129":{"start":{"line":291,"column":2},"end":{"line":297,"column":3}},"130":{"start":{"line":292,"column":4},"end":{"line":292,"column":41}},"131":{"start":{"line":293,"column":4},"end":{"line":293,"column":61}},"132":{"start":{"line":295,"column":4},"end":{"line":295,"column":23}},"133":{"start":{"line":296,"column":4},"end":{"line":296,"column":61}},"134":{"start":{"line":300,"column":16},"end":{"line":300,"column":54}},"135":{"start":{"line":301,"column":17},"end":{"line":301,"column":59}},"136":{"start":{"line":326,"column":0},"end":{"line":337,"column":3}},"137":{"start":{"line":327,"column":13},"end":{"line":327,"column":24}},"138":{"start":{"line":328,"column":2},"end":{"line":328,"column":41}},"139":{"start":{"line":330,"column":2},"end":{"line":336,"column":3}},"140":{"start":{"line":331,"column":4},"end":{"line":331,"column":40}},"141":{"start":{"line":332,"column":4},"end":{"line":332,"column":61}},"142":{"start":{"line":334,"column":4},"end":{"line":334,"column":23}},"143":{"start":{"line":335,"column":4},"end":{"line":335,"column":61}},"144":{"start":{"line":339,"column":0},"end":{"line":350,"column":3}},"145":{"start":{"line":340,"column":13},"end":{"line":340,"column":24}},"146":{"start":{"line":341,"column":2},"end":{"line":341,"column":41}},"147":{"start":{"line":343,"column":2},"end":{"line":349,"column":3}},"148":{"start":{"line":344,"column":4},"end":{"line":344,"column":45}},"149":{"start":{"line":345,"column":4},"end":{"line":345,"column":61}},"150":{"start":{"line":347,"column":4},"end":{"line":347,"column":23}},"151":{"start":{"line":348,"column":4},"end":{"line":348,"column":61}},"152":{"start":{"line":352,"column":0},"end":{"line":363,"column":3}},"153":{"start":{"line":353,"column":13},"end":{"line":353,"column":24}},"154":{"start":{"line":354,"column":2},"end":{"line":354,"column":41}},"155":{"start":{"line":356,"column":2},"end":{"line":362,"column":3}},"156":{"start":{"line":357,"column":4},"end":{"line":357,"column":41}},"157":{"start":{"line":358,"column":4},"end":{"line":358,"column":61}},"158":{"start":{"line":360,"column":4},"end":{"line":360,"column":23}},"159":{"start":{"line":361,"column":4},"end":{"line":361,"column":61}},"160":{"start":{"line":388,"column":0},"end":{"line":399,"column":3}},"161":{"start":{"line":389,"column":13},"end":{"line":389,"column":24}},"162":{"start":{"line":390,"column":2},"end":{"line":390,"column":41}},"163":{"start":{"line":392,"column":2},"end":{"line":398,"column":3}},"164":{"start":{"line":393,"column":4},"end":{"line":393,"column":39}},"165":{"start":{"line":394,"column":4},"end":{"line":394,"column":61}},"166":{"start":{"line":396,"column":4},"end":{"line":396,"column":23}},"167":{"start":{"line":397,"column":4},"end":{"line":397,"column":61}},"168":{"start":{"line":425,"column":0},"end":{"line":436,"column":3}},"169":{"start":{"line":426,"column":13},"end":{"line":426,"column":24}},"170":{"start":{"line":427,"column":2},"end":{"line":427,"column":41}},"171":{"start":{"line":429,"column":2},"end":{"line":435,"column":3}},"172":{"start":{"line":430,"column":4},"end":{"line":430,"column":40}},"173":{"start":{"line":431,"column":4},"end":{"line":431,"column":61}},"174":{"start":{"line":433,"column":4},"end":{"line":433,"column":23}},"175":{"start":{"line":434,"column":4},"end":{"line":434,"column":61}},"176":{"start":{"line":438,"column":0},"end":{"line":441,"column":3}},"177":{"start":{"line":439,"column":2},"end":{"line":439,"column":32}},"178":{"start":{"line":440,"column":2},"end":{"line":440,"column":43}},"179":{"start":{"line":444,"column":0},"end":{"line":466,"column":3}},"180":{"start":{"line":459,"column":2},"end":{"line":465,"column":3}},"181":{"start":{"line":460,"column":18},"end":{"line":460,"column":55}},"182":{"start":{"line":461,"column":4},"end":{"line":461,"column":68}},"183":{"start":{"line":462,"column":4},"end":{"line":462,"column":20}},"184":{"start":{"line":464,"column":4},"end":{"line":464,"column":51}},"185":{"start":{"line":468,"column":0},"end":{"line":491,"column":3}},"186":{"start":{"line":484,"column":2},"end":{"line":490,"column":3}},"187":{"start":{"line":485,"column":18},"end":{"line":485,"column":37}},"188":{"start":{"line":487,"column":4},"end":{"line":487,"column":27}},"189":{"start":{"line":489,"column":4},"end":{"line":489,"column":51}},"190":{"start":{"line":506,"column":0},"end":{"line":514,"column":3}},"191":{"start":{"line":507,"column":2},"end":{"line":513,"column":3}},"192":{"start":{"line":508,"column":16},"end":{"line":508,"column":69}},"193":{"start":{"line":509,"column":4},"end":{"line":509,"column":66}},"194":{"start":{"line":510,"column":4},"end":{"line":510,"column":18}},"195":{"start":{"line":512,"column":4},"end":{"line":512,"column":51}},"196":{"start":{"line":529,"column":0},"end":{"line":536,"column":3}},"197":{"start":{"line":530,"column":2},"end":{"line":535,"column":3}},"198":{"start":{"line":531,"column":16},"end":{"line":531,"column":51}},"199":{"start":{"line":532,"column":4},"end":{"line":532,"column":25}},"200":{"start":{"line":534,"column":4},"end":{"line":534,"column":51}},"201":{"start":{"line":542,"column":0},"end":{"line":545,"column":3}},"202":{"start":{"line":543,"column":16},"end":{"line":543,"column":107}},"203":{"start":{"line":544,"column":2},"end":{"line":544,"column":18}},"204":{"start":{"line":549,"column":0},"end":{"line":549,"column":21}}},"fnMap":{"0":{"name":"(anonymous_0)","decl":{"start":{"line":94,"column":24},"end":{"line":94,"column":25}},"loc":{"start":{"line":94,"column":33},"end":{"line":96,"column":1}},"line":94},"1":{"name":"(anonymous_1)","decl":{"start":{"line":97,"column":26},"end":{"line":97,"column":27}},"loc":{"start":{"line":97,"column":32},"end":{"line":99,"column":1}},"line":97},"2":{"name":"cache","decl":{"start":{"line":117,"column":9},"end":{"line":117,"column":14}},"loc":{"start":{"line":117,"column":31},"end":{"line":131,"column":1}},"line":117},"3":{"name":"(anonymous_3)","decl":{"start":{"line":119,"column":23},"end":{"line":119,"column":24}},"loc":{"start":{"line":119,"column":38},"end":{"line":130,"column":3}},"line":119},"4":{"name":"(anonymous_4)","decl":{"start":{"line":135,"column":17},"end":{"line":135,"column":18}},"loc":{"start":{"line":135,"column":36},"end":{"line":137,"column":5}},"line":135},"5":{"name":"(anonymous_5)","decl":{"start":{"line":138,"column":14},"end":{"line":138,"column":15}},"loc":{"start":{"line":138,"column":33},"end":{"line":143,"column":5}},"line":138},"6":{"name":"(anonymous_6)","decl":{"start":{"line":158,"column":34},"end":{"line":158,"column":35}},"loc":{"start":{"line":158,"column":54},"end":{"line":213,"column":1}},"line":158},"7":{"name":"(anonymous_7)","decl":{"start":{"line":179,"column":14},"end":{"line":179,"column":15}},"loc":{"start":{"line":179,"column":27},"end":{"line":204,"column":9}},"line":179},"8":{"name":"(anonymous_8)","decl":{"start":{"line":182,"column":26},"end":{"line":182,"column":27}},"loc":{"start":{"line":182,"column":39},"end":{"line":184,"column":11}},"line":182},"9":{"name":"(anonymous_9)","decl":{"start":{"line":188,"column":12},"end":{"line":188,"column":13}},"loc":{"start":{"line":188,"column":33},"end":{"line":188,"column":74}},"line":188},"10":{"name":"(anonymous_10)","decl":{"start":{"line":188,"column":58},"end":{"line":188,"column":59}},"loc":{"start":{"line":188,"column":65},"end":{"line":188,"column":73}},"line":188},"11":{"name":"(anonymous_11)","decl":{"start":{"line":194,"column":22},"end":{"line":194,"column":23}},"loc":{"start":{"line":194,"column":35},"end":{"line":200,"column":11}},"line":194},"12":{"name":"(anonymous_12)","decl":{"start":{"line":205,"column":15},"end":{"line":205,"column":16}},"loc":{"start":{"line":205,"column":24},"end":{"line":207,"column":9}},"line":205},"13":{"name":"(anonymous_13)","decl":{"start":{"line":259,"column":23},"end":{"line":259,"column":24}},"loc":{"start":{"line":259,"column":43},"end":{"line":270,"column":1}},"line":259},"14":{"name":"(anonymous_14)","decl":{"start":{"line":273,"column":24},"end":{"line":273,"column":25}},"loc":{"start":{"line":273,"column":44},"end":{"line":284,"column":1}},"line":273},"15":{"name":"(anonymous_15)","decl":{"start":{"line":287,"column":28},"end":{"line":287,"column":29}},"loc":{"start":{"line":287,"column":48},"end":{"line":298,"column":1}},"line":287},"16":{"name":"(anonymous_16)","decl":{"start":{"line":326,"column":27},"end":{"line":326,"column":28}},"loc":{"start":{"line":326,"column":47},"end":{"line":337,"column":1}},"line":326},"17":{"name":"(anonymous_17)","decl":{"start":{"line":339,"column":26},"end":{"line":339,"column":27}},"loc":{"start":{"line":339,"column":46},"end":{"line":350,"column":1}},"line":339},"18":{"name":"(anonymous_18)","decl":{"start":{"line":352,"column":28},"end":{"line":352,"column":29}},"loc":{"start":{"line":352,"column":48},"end":{"line":363,"column":1}},"line":352},"19":{"name":"(anonymous_19)","decl":{"start":{"line":388,"column":25},"end":{"line":388,"column":26}},"loc":{"start":{"line":388,"column":45},"end":{"line":399,"column":1}},"line":388},"20":{"name":"(anonymous_20)","decl":{"start":{"line":425,"column":27},"end":{"line":425,"column":28}},"loc":{"start":{"line":425,"column":47},"end":{"line":436,"column":1}},"line":425},"21":{"name":"(anonymous_21)","decl":{"start":{"line":438,"column":8},"end":{"line":438,"column":9}},"loc":{"start":{"line":438,"column":39},"end":{"line":441,"column":1}},"line":438},"22":{"name":"(anonymous_22)","decl":{"start":{"line":444,"column":30},"end":{"line":444,"column":31}},"loc":{"start":{"line":444,"column":50},"end":{"line":466,"column":1}},"line":444},"23":{"name":"(anonymous_23)","decl":{"start":{"line":468,"column":32},"end":{"line":468,"column":33}},"loc":{"start":{"line":468,"column":52},"end":{"line":491,"column":1}},"line":468},"24":{"name":"(anonymous_24)","decl":{"start":{"line":506,"column":21},"end":{"line":506,"column":22}},"loc":{"start":{"line":506,"column":41},"end":{"line":514,"column":1}},"line":506},"25":{"name":"(anonymous_25)","decl":{"start":{"line":529,"column":23},"end":{"line":529,"column":24}},"loc":{"start":{"line":529,"column":43},"end":{"line":536,"column":1}},"line":529},"26":{"name":"(anonymous_26)","decl":{"start":{"line":542,"column":18},"end":{"line":542,"column":19}},"loc":{"start":{"line":542,"column":32},"end":{"line":545,"column":1}},"line":542}},"branchMap":{"0":{"loc":{"start":{"line":120,"column":4},"end":{"line":123,"column":5}},"type":"if","locations":[{"start":{"line":120,"column":4},"end":{"line":123,"column":5}},{"start":{},"end":{}}],"line":120},"1":{"loc":{"start":{"line":125,"column":4},"end":{"line":129,"column":5}},"type":"if","locations":[{"start":{"line":125,"column":4},"end":{"line":129,"column":5}},{"start":{"line":127,"column":11},"end":{"line":129,"column":5}}],"line":125},"2":{"loc":{"start":{"line":164,"column":4},"end":{"line":166,"column":5}},"type":"if","locations":[{"start":{"line":164,"column":4},"end":{"line":166,"column":5}},{"start":{},"end":{}}],"line":164},"3":{"loc":{"start":{"line":173,"column":4},"end":{"line":208,"column":5}},"type":"if","locations":[{"start":{"line":173,"column":4},"end":{"line":208,"column":5}},{"start":{"line":176,"column":11},"end":{"line":208,"column":5}}],"line":173},"4":{"loc":{"start":{"line":196,"column":14},"end":{"line":198,"column":15}},"type":"if","locations":[{"start":{"line":196,"column":14},"end":{"line":198,"column":15}},{"start":{},"end":{}}],"line":196}},"s":{"0":1,"1":1,"2":1,"3":1,"4":1,"5":1,"6":1,"7":1,"8":1,"9":1,"10":1,"11":1,"12":1,"13":1,"14":1,"15":1,"16":1,"17":1,"18":1,"19":1,"20":1,"21":1,"22":1,"23":1,"24":1,"25":1,"26":1,"27":1,"28":1,"29":1,"30":1,"31":1,"32":1,"33":1,"34":1,"35":1,"36":1,"37":1,"38":1,"39":1,"40":1,"41":0,"42":1,"43":1,"44":0,"45":0,"46":0,"47":0,"48":0,"49":0,"50":0,"51":0,"52":1,"53":0,"54":0,"55":1,"56":1,"57":1,"58":1,"59":1,"60":1,"61":1,"62":0,"63":0,"64":0,"65":0,"66":0,"67":0,"68":0,"69":0,"70":0,"71":0,"72":0,"73":0,"74":0,"75":0,"76":0,"77":0,"78":0,"79":0,"80":0,"81":0,"82":0,"83":0,"84":0,"85":0,"86":0,"87":0,"88":0,"89":0,"90":0,"91":0,"92":0,"93":0,"94":0,"95":1,"96":1,"97":1,"98":1,"99":1,"100":1,"101":1,"102":1,"103":1,"104":1,"105":1,"106":1,"107":1,"108":1,"109":0,"110":0,"111":0,"112":0,"113":0,"114":0,"115":0,"116":1,"117":1,"118":0,"119":0,"120":0,"121":0,"122":0,"123":0,"124":0,"125":1,"126":1,"127":0,"128":0,"129":0,"130":0,"131":0,"132":0,"133":0,"134":1,"135":1,"136":1,"137":0,"138":0,"139":0,"140":0,"141":0,"142":0,"143":0,"144":1,"145":0,"146":0,"147":0,"148":0,"149":0,"150":0,"151":0,"152":1,"153":0,"154":0,"155":0,"156":0,"157":0,"158":0,"159":0,"160":1,"161":0,"162":0,"163":0,"164":0,"165":0,"166":0,"167":0,"168":1,"169":0,"170":0,"171":0,"172":0,"173":0,"174":0,"175":0,"176":1,"177":0,"178":0,"179":1,"180":0,"181":0,"182":0,"183":0,"184":0,"185":1,"186":0,"187":0,"188":0,"189":0,"190":1,"191":0,"192":0,"193":0,"194":0,"195":0,"196":1,"197":1,"198":1,"199":1,"200":0,"201":1,"202":0,"203":0,"204":1},"f":{"0":0,"1":1,"2":0,"3":0,"4":0,"5":0,"6":0,"7":0,"8":0,"9":0,"10":0,"11":0,"12":0,"13":0,"14":0,"15":0,"16":0,"17":0,"18":0,"19":0,"20":0,"21":0,"22":0,"23":0,"24":0,"25":1,"26":0},"b":{"0":[0,0],"1":[0,0],"2":[0,0],"3":[0,0],"4":[0,0]},"_coverageSchema":"1a1c01bbd47fc00a2c39e90264f33305004495a9","hash":"eb73e2dad992868b5883e5836c290221f54259f9"}
,"C:\\Projects\\webdev\\NGOreactproject\\Gith_project\\GoodWill_2.0\\backend\\jest.config.js": {"path":"C:\\Projects\\webdev\\NGOreactproject\\Gith_project\\GoodWill_2.0\\backend\\jest.config.js","statementMap":{"0":{"start":{"line":2,"column":0},"end":{"line":34,"column":2}}},"fnMap":{},"branchMap":{},"s":{"0":0},"f":{},"b":{}}
,"C:\\Projects\\webdev\\NGOreactproject\\Gith_project\\GoodWill_2.0\\backend\\tempCodeRunnerFile.js": {"path":"C:\\Projects\\webdev\\NGOreactproject\\Gith_project\\GoodWill_2.0\\backend\\tempCodeRunnerFile.js","statementMap":{"0":{"start":{"line":1,"column":0},"end":{"line":1,"column":26}}},"fnMap":{},"branchMap":{},"s":{"0":0},"f":{},"b":{}}
,"C:\\Projects\\webdev\\NGOreactproject\\Gith_project\\GoodWill_2.0\\backend\\Solr\\SearchNGO.js": {"path":"C:\\Projects\\webdev\\NGOreactproject\\Gith_project\\GoodWill_2.0\\backend\\Solr\\SearchNGO.js","statementMap":{"0":{"start":{"line":1,"column":14},"end":{"line":1,"column":30}},"1":{"start":{"line":4,"column":29},"end":{"line":4,"column":58}},"2":{"start":{"line":5,"column":20},"end":{"line":5,"column":157}},"3":{"start":{"line":7,"column":4},"end":{"line":14,"column":5}},"4":{"start":{"line":8,"column":25},"end":{"line":8,"column":49}},"5":{"start":{"line":9,"column":8},"end":{"line":9,"column":54}},"6":{"start":{"line":10,"column":8},"end":{"line":10,"column":29}},"7":{"start":{"line":12,"column":8},"end":{"line":12,"column":54}},"8":{"start":{"line":13,"column":8},"end":{"line":13,"column":20}},"9":{"start":{"line":19,"column":0},"end":{"line":19,"column":28}}},"fnMap":{"0":{"name":"searchSolr","decl":{"start":{"line":3,"column":15},"end":{"line":3,"column":25}},"loc":{"start":{"line":3,"column":37},"end":{"line":15,"column":1}},"line":3}},"branchMap":{},"s":{"0":1,"1":0,"2":0,"3":0,"4":0,"5":0,"6":0,"7":0,"8":0,"9":1},"f":{"0":0},"b":{},"_coverageSchema":"1a1c01bbd47fc00a2c39e90264f33305004495a9","hash":"86660686063b5684f333057a4981124a73950400"}
,"C:\\Projects\\webdev\\NGOreactproject\\Gith_project\\GoodWill_2.0\\backend\\Solr\\SyncData.js": {"path":"C:\\Projects\\webdev\\NGOreactproject\\Gith_project\\GoodWill_2.0\\backend\\Solr\\SyncData.js","statementMap":{"0":{"start":{"line":1,"column":14},"end":{"line":1,"column":30}},"1":{"start":{"line":2,"column":17},"end":{"line":2,"column":57}},"2":{"start":{"line":6,"column":4},"end":{"line":12,"column":5}},"3":{"start":{"line":7,"column":27},"end":{"line":7,"column":50}},"4":{"start":{"line":8,"column":8},"end":{"line":8,"column":26}},"5":{"start":{"line":10,"column":8},"end":{"line":10,"column":66}},"6":{"start":{"line":11,"column":8},"end":{"line":11,"column":20}},"7":{"start":{"line":17,"column":4},"end":{"line":26,"column":8}},"8":{"start":{"line":17,"column":34},"end":{"line":26,"column":5}},"9":{"start":{"line":31,"column":20},"end":{"line":31,"column":78}},"10":{"start":{"line":33,"column":4},"end":{"line":43,"column":5}},"11":{"start":{"line":34,"column":25},"end":{"line":38,"column":10}},"12":{"start":{"line":39,"column":8},"end":{"line":39,"column":70}},"13":{"start":{"line":41,"column":8},"end":{"line":41,"column":68}},"14":{"start":{"line":42,"column":8},"end":{"line":42,"column":20}},"15":{"start":{"line":49,"column":4},"end":{"line":57,"column":5}},"16":{"start":{"line":50,"column":27},"end":{"line":50,"column":55}},"17":{"start":{"line":52,"column":25},"end":{"line":52,"column":57}},"18":{"start":{"line":54,"column":8},"end":{"line":54,"column":39}},"19":{"start":{"line":56,"column":8},"end":{"line":56,"column":58}},"20":{"start":{"line":61,"column":0},"end":{"line":61,"column":26}}},"fnMap":{"0":{"name":"fetchDataFromMongoDB","decl":{"start":{"line":5,"column":15},"end":{"line":5,"column":35}},"loc":{"start":{"line":5,"column":38},"end":{"line":13,"column":1}},"line":5},"1":{"name":"transformDataForSolr","decl":{"start":{"line":16,"column":9},"end":{"line":16,"column":29}},"loc":{"start":{"line":16,"column":42},"end":{"line":27,"column":1}},"line":16},"2":{"name":"(anonymous_2)","decl":{"start":{"line":17,"column":26},"end":{"line":17,"column":27}},"loc":{"start":{"line":17,"column":34},"end":{"line":26,"column":5}},"line":17},"3":{"name":"sendDataToSolr","decl":{"start":{"line":30,"column":15},"end":{"line":30,"column":29}},"loc":{"start":{"line":30,"column":36},"end":{"line":45,"column":1}},"line":30},"4":{"name":"syncData","decl":{"start":{"line":48,"column":15},"end":{"line":48,"column":23}},"loc":{"start":{"line":48,"column":26},"end":{"line":58,"column":1}},"line":48}},"branchMap":{},"s":{"0":1,"1":1,"2":0,"3":0,"4":0,"5":0,"6":0,"7":0,"8":0,"9":0,"10":0,"11":0,"12":0,"13":0,"14":0,"15":0,"16":0,"17":0,"18":0,"19":0,"20":1},"f":{"0":0,"1":0,"2":0,"3":0,"4":0},"b":{},"_coverageSchema":"1a1c01bbd47fc00a2c39e90264f33305004495a9","hash":"32b46ff5da64743d2e35520b843ef9030fd07929"}
,"C:\\Projects\\webdev\\NGOreactproject\\Gith_project\\GoodWill_2.0\\backend\\controllers\\adminController.js": {"path":"C:\\Projects\\webdev\\NGOreactproject\\Gith_project\\GoodWill_2.0\\backend\\controllers\\adminController.js","statementMap":{"0":{"start":{"line":1,"column":21},"end":{"line":1,"column":53}},"1":{"start":{"line":4,"column":25},"end":{"line":15,"column":2}},"2":{"start":{"line":5,"column":15},"end":{"line":5,"column":32}},"3":{"start":{"line":6,"column":4},"end":{"line":6,"column":27}},"4":{"start":{"line":7,"column":4},"end":{"line":14,"column":10}},"5":{"start":{"line":9,"column":12},"end":{"line":9,"column":37}},"6":{"start":{"line":13,"column":12},"end":{"line":13,"column":29}},"7":{"start":{"line":17,"column":26},"end":{"line":31,"column":2}},"8":{"start":{"line":19,"column":4},"end":{"line":19,"column":36}},"9":{"start":{"line":20,"column":15},"end":{"line":20,"column":32}},"10":{"start":{"line":21,"column":4},"end":{"line":29,"column":10}},"11":{"start":{"line":23,"column":12},"end":{"line":23,"column":32}},"12":{"start":{"line":27,"column":12},"end":{"line":27,"column":29}},"13":{"start":{"line":34,"column":28},"end":{"line":47,"column":2}},"14":{"start":{"line":36,"column":4},"end":{"line":36,"column":47}},"15":{"start":{"line":37,"column":15},"end":{"line":37,"column":32}},"16":{"start":{"line":38,"column":4},"end":{"line":46,"column":10}},"17":{"start":{"line":40,"column":12},"end":{"line":40,"column":32}},"18":{"start":{"line":44,"column":12},"end":{"line":44,"column":29}},"19":{"start":{"line":49,"column":28},"end":{"line":78,"column":2}},"20":{"start":{"line":51,"column":4},"end":{"line":51,"column":39}},"21":{"start":{"line":52,"column":4},"end":{"line":56,"column":10}},"22":{"start":{"line":55,"column":12},"end":{"line":55,"column":29}},"23":{"start":{"line":58,"column":4},"end":{"line":62,"column":10}},"24":{"start":{"line":61,"column":12},"end":{"line":61,"column":29}},"25":{"start":{"line":65,"column":4},"end":{"line":68,"column":10}},"26":{"start":{"line":67,"column":12},"end":{"line":67,"column":29}},"27":{"start":{"line":69,"column":4},"end":{"line":69,"column":57}},"28":{"start":{"line":71,"column":4},"end":{"line":74,"column":6}},"29":{"start":{"line":76,"column":4},"end":{"line":76,"column":35}},"30":{"start":{"line":80,"column":21},"end":{"line":89,"column":2}},"31":{"start":{"line":81,"column":19},"end":{"line":81,"column":30}},"32":{"start":{"line":82,"column":8},"end":{"line":88,"column":9}},"33":{"start":{"line":83,"column":10},"end":{"line":83,"column":46}},"34":{"start":{"line":86,"column":10},"end":{"line":86,"column":29}},"35":{"start":{"line":87,"column":10},"end":{"line":87,"column":40}},"36":{"start":{"line":91,"column":18},"end":{"line":104,"column":2}},"37":{"start":{"line":92,"column":18},"end":{"line":92,"column":34}},"38":{"start":{"line":93,"column":2},"end":{"line":93,"column":23}},"39":{"start":{"line":94,"column":15},"end":{"line":94,"column":60}},"40":{"start":{"line":95,"column":2},"end":{"line":103,"column":3}},"41":{"start":{"line":96,"column":4},"end":{"line":96,"column":31}},"42":{"start":{"line":97,"column":4},"end":{"line":97,"column":24}},"43":{"start":{"line":98,"column":4},"end":{"line":98,"column":31}},"44":{"start":{"line":99,"column":16},"end":{"line":101,"column":5}},"45":{"start":{"line":102,"column":4},"end":{"line":102,"column":30}},"46":{"start":{"line":106,"column":0},"end":{"line":113,"column":1}}},"fnMap":{"0":{"name":"(anonymous_0)","decl":{"start":{"line":4,"column":38},"end":{"line":4,"column":39}},"loc":{"start":{"line":4,"column":58},"end":{"line":15,"column":1}},"line":4},"1":{"name":"(anonymous_1)","decl":{"start":{"line":8,"column":14},"end":{"line":8,"column":15}},"loc":{"start":{"line":8,"column":26},"end":{"line":11,"column":9}},"line":8},"2":{"name":"(anonymous_2)","decl":{"start":{"line":12,"column":15},"end":{"line":12,"column":16}},"loc":{"start":{"line":12,"column":30},"end":{"line":14,"column":9}},"line":12},"3":{"name":"(anonymous_3)","decl":{"start":{"line":17,"column":39},"end":{"line":17,"column":40}},"loc":{"start":{"line":17,"column":59},"end":{"line":31,"column":1}},"line":17},"4":{"name":"(anonymous_4)","decl":{"start":{"line":22,"column":14},"end":{"line":22,"column":15}},"loc":{"start":{"line":22,"column":28},"end":{"line":25,"column":9}},"line":22},"5":{"name":"(anonymous_5)","decl":{"start":{"line":26,"column":15},"end":{"line":26,"column":16}},"loc":{"start":{"line":26,"column":30},"end":{"line":29,"column":9}},"line":26},"6":{"name":"(anonymous_6)","decl":{"start":{"line":34,"column":41},"end":{"line":34,"column":42}},"loc":{"start":{"line":34,"column":61},"end":{"line":47,"column":1}},"line":34},"7":{"name":"(anonymous_7)","decl":{"start":{"line":39,"column":14},"end":{"line":39,"column":15}},"loc":{"start":{"line":39,"column":28},"end":{"line":42,"column":9}},"line":39},"8":{"name":"(anonymous_8)","decl":{"start":{"line":43,"column":15},"end":{"line":43,"column":16}},"loc":{"start":{"line":43,"column":30},"end":{"line":46,"column":9}},"line":43},"9":{"name":"(anonymous_9)","decl":{"start":{"line":49,"column":41},"end":{"line":49,"column":42}},"loc":{"start":{"line":49,"column":61},"end":{"line":78,"column":1}},"line":49},"10":{"name":"(anonymous_10)","decl":{"start":{"line":54,"column":15},"end":{"line":54,"column":16}},"loc":{"start":{"line":54,"column":30},"end":{"line":56,"column":9}},"line":54},"11":{"name":"(anonymous_11)","decl":{"start":{"line":60,"column":15},"end":{"line":60,"column":16}},"loc":{"start":{"line":60,"column":30},"end":{"line":62,"column":9}},"line":60},"12":{"name":"(anonymous_12)","decl":{"start":{"line":66,"column":15},"end":{"line":66,"column":16}},"loc":{"start":{"line":66,"column":30},"end":{"line":68,"column":9}},"line":66},"13":{"name":"(anonymous_13)","decl":{"start":{"line":80,"column":34},"end":{"line":80,"column":35}},"loc":{"start":{"line":80,"column":51},"end":{"line":89,"column":1}},"line":80},"14":{"name":"(anonymous_14)","decl":{"start":{"line":91,"column":31},"end":{"line":91,"column":32}},"loc":{"start":{"line":91,"column":47},"end":{"line":104,"column":1}},"line":91}},"branchMap":{"0":{"loc":{"start":{"line":95,"column":2},"end":{"line":103,"column":3}},"type":"if","locations":[{"start":{"line":95,"column":2},"end":{"line":103,"column":3}},{"start":{},"end":{}}],"line":95}},"s":{"0":1,"1":1,"2":0,"3":0,"4":0,"5":0,"6":0,"7":1,"8":0,"9":0,"10":0,"11":0,"12":0,"13":1,"14":0,"15":0,"16":0,"17":0,"18":0,"19":1,"20":0,"21":0,"22":0,"23":0,"24":0,"25":0,"26":0,"27":0,"28":0,"29":0,"30":1,"31":0,"32":0,"33":0,"34":0,"35":0,"36":1,"37":0,"38":0,"39":0,"40":0,"41":0,"42":0,"43":0,"44":0,"45":0,"46":1},"f":{"0":0,"1":0,"2":0,"3":0,"4":0,"5":0,"6":0,"7":0,"8":0,"9":0,"10":0,"11":0,"12":0,"13":0,"14":0},"b":{"0":[0,0]},"_coverageSchema":"1a1c01bbd47fc00a2c39e90264f33305004495a9","hash":"c9dc47872994bfbb91aba2caf1e7b955355dae20"}
,"C:\\Projects\\webdev\\NGOreactproject\\Gith_project\\GoodWill_2.0\\backend\\controllers\\cartController.js": {"path":"C:\\Projects\\webdev\\NGOreactproject\\Gith_project\\GoodWill_2.0\\backend\\controllers\\cartController.js","statementMap":{"0":{"start":{"line":1,"column":21},"end":{"line":1,"column":53}},"1":{"start":{"line":2,"column":20},"end":{"line":2,"column":63}},"2":{"start":{"line":4,"column":19},"end":{"line":40,"column":2}},"3":{"start":{"line":6,"column":21},"end":{"line":6,"column":39}},"4":{"start":{"line":8,"column":6},"end":{"line":8,"column":25}},"5":{"start":{"line":8,"column":18},"end":{"line":8,"column":25}},"6":{"start":{"line":10,"column":31},"end":{"line":10,"column":58}},"7":{"start":{"line":11,"column":27},"end":{"line":11,"column":56}},"8":{"start":{"line":12,"column":22},"end":{"line":12,"column":46}},"9":{"start":{"line":14,"column":32},"end":{"line":14,"column":60}},"10":{"start":{"line":15,"column":38},"end":{"line":15,"column":55}},"11":{"start":{"line":16,"column":23},"end":{"line":16,"column":27}},"12":{"start":{"line":17,"column":27},"end":{"line":17,"column":29}},"13":{"start":{"line":18,"column":6},"end":{"line":29,"column":7}},"14":{"start":{"line":18,"column":17},"end":{"line":18,"column":18}},"15":{"start":{"line":21,"column":56},"end":{"line":21,"column":66}},"16":{"start":{"line":22,"column":10},"end":{"line":28,"column":14}},"17":{"start":{"line":31,"column":21},"end":{"line":31,"column":82}},"18":{"start":{"line":32,"column":18},"end":{"line":36,"column":7}},"19":{"start":{"line":37,"column":22},"end":{"line":37,"column":35}},"20":{"start":{"line":38,"column":25},"end":{"line":38,"column":72}},"21":{"start":{"line":39,"column":6},"end":{"line":39,"column":129}},"22":{"start":{"line":41,"column":0},"end":{"line":43,"column":1}}},"fnMap":{"0":{"name":"(anonymous_0)","decl":{"start":{"line":4,"column":32},"end":{"line":4,"column":33}},"loc":{"start":{"line":4,"column":48},"end":{"line":40,"column":1}},"line":4}},"branchMap":{"0":{"loc":{"start":{"line":8,"column":6},"end":{"line":8,"column":25}},"type":"if","locations":[{"start":{"line":8,"column":6},"end":{"line":8,"column":25}},{"start":{},"end":{}}],"line":8}},"s":{"0":1,"1":1,"2":1,"3":0,"4":0,"5":0,"6":0,"7":0,"8":0,"9":0,"10":0,"11":0,"12":0,"13":0,"14":0,"15":0,"16":0,"17":0,"18":0,"19":0,"20":0,"21":0,"22":1},"f":{"0":0},"b":{"0":[0,0]},"_coverageSchema":"1a1c01bbd47fc00a2c39e90264f33305004495a9","hash":"abbd1d55ef9094b0ddba27f21a5cd62196bb0fb2"}
,"C:\\Projects\\webdev\\NGOreactproject\\Gith_project\\GoodWill_2.0\\backend\\controllers\\ngoController.js": {"path":"C:\\Projects\\webdev\\NGOreactproject\\Gith_project\\GoodWill_2.0\\backend\\controllers\\ngoController.js","statementMap":{"0":{"start":{"line":1,"column":21},"end":{"line":1,"column":53}},"1":{"start":{"line":3,"column":24},"end":{"line":18,"column":2}},"2":{"start":{"line":4,"column":20},"end":{"line":15,"column":6}},"3":{"start":{"line":17,"column":4},"end":{"line":17,"column":35}},"4":{"start":{"line":21,"column":0},"end":{"line":24,"column":1}}},"fnMap":{"0":{"name":"(anonymous_0)","decl":{"start":{"line":3,"column":37},"end":{"line":3,"column":38}},"loc":{"start":{"line":3,"column":55},"end":{"line":18,"column":1}},"line":3}},"branchMap":{},"s":{"0":0,"1":0,"2":0,"3":0,"4":0},"f":{"0":0},"b":{}}
,"C:\\Projects\\webdev\\NGOreactproject\\Gith_project\\GoodWill_2.0\\backend\\controllers\\servicesController.js": {"path":"C:\\Projects\\webdev\\NGOreactproject\\Gith_project\\GoodWill_2.0\\backend\\controllers\\servicesController.js","statementMap":{"0":{"start":{"line":1,"column":21},"end":{"line":1,"column":53}},"1":{"start":{"line":2,"column":16},"end":{"line":2,"column":57}},"2":{"start":{"line":5,"column":24},"end":{"line":12,"column":2}},"3":{"start":{"line":6,"column":23},"end":{"line":6,"column":36}},"4":{"start":{"line":7,"column":4},"end":{"line":7,"column":40}},"5":{"start":{"line":8,"column":4},"end":{"line":8,"column":38}},"6":{"start":{"line":9,"column":4},"end":{"line":9,"column":42}},"7":{"start":{"line":10,"column":4},"end":{"line":10,"column":28}},"8":{"start":{"line":14,"column":15},"end":{"line":26,"column":2}},"9":{"start":{"line":15,"column":20},"end":{"line":15,"column":28}},"10":{"start":{"line":16,"column":4},"end":{"line":16,"column":25}},"11":{"start":{"line":17,"column":23},"end":{"line":17,"column":41}},"12":{"start":{"line":18,"column":4},"end":{"line":18,"column":48}},"13":{"start":{"line":19,"column":4},"end":{"line":19,"column":43}},"14":{"start":{"line":20,"column":4},"end":{"line":20,"column":39}},"15":{"start":{"line":21,"column":4},"end":{"line":21,"column":41}},"16":{"start":{"line":22,"column":4},"end":{"line":22,"column":29}},"17":{"start":{"line":23,"column":4},"end":{"line":23,"column":28}},"18":{"start":{"line":24,"column":4},"end":{"line":24,"column":29}},"19":{"start":{"line":28,"column":19},"end":{"line":63,"column":2}},"20":{"start":{"line":29,"column":21},"end":{"line":29,"column":46}},"21":{"start":{"line":30,"column":4},"end":{"line":30,"column":26}},"22":{"start":{"line":31,"column":20},"end":{"line":31,"column":40}},"23":{"start":{"line":32,"column":18},"end":{"line":32,"column":32}},"24":{"start":{"line":33,"column":34},"end":{"line":33,"column":84}},"25":{"start":{"line":34,"column":4},"end":{"line":34,"column":49}},"26":{"start":{"line":35,"column":4},"end":{"line":62,"column":5}},"27":{"start":{"line":36,"column":8},"end":{"line":36,"column":53}},"28":{"start":{"line":38,"column":8},"end":{"line":49,"column":9}},"29":{"start":{"line":39,"column":12},"end":{"line":42,"column":13}},"30":{"start":{"line":46,"column":12},"end":{"line":48,"column":13}},"31":{"start":{"line":52,"column":22},"end":{"line":52,"column":24}},"32":{"start":{"line":53,"column":8},"end":{"line":53,"column":30}},"33":{"start":{"line":54,"column":20},"end":{"line":54,"column":38}},"34":{"start":{"line":55,"column":8},"end":{"line":55,"column":32}},"35":{"start":{"line":56,"column":8},"end":{"line":56,"column":30}},"36":{"start":{"line":57,"column":8},"end":{"line":57,"column":25}},"37":{"start":{"line":58,"column":8},"end":{"line":58,"column":36}},"38":{"start":{"line":60,"column":8},"end":{"line":60,"column":49}},"39":{"start":{"line":65,"column":18},"end":{"line":72,"column":2}},"40":{"start":{"line":66,"column":19},"end":{"line":66,"column":73}},"41":{"start":{"line":67,"column":16},"end":{"line":69,"column":5}},"42":{"start":{"line":70,"column":4},"end":{"line":70,"column":24}},"43":{"start":{"line":71,"column":4},"end":{"line":71,"column":30}},"44":{"start":{"line":76,"column":0},"end":{"line":81,"column":1}}},"fnMap":{"0":{"name":"(anonymous_0)","decl":{"start":{"line":5,"column":37},"end":{"line":5,"column":38}},"loc":{"start":{"line":5,"column":57},"end":{"line":12,"column":1}},"line":5},"1":{"name":"(anonymous_1)","decl":{"start":{"line":14,"column":28},"end":{"line":14,"column":29}},"loc":{"start":{"line":14,"column":48},"end":{"line":26,"column":1}},"line":14},"2":{"name":"(anonymous_2)","decl":{"start":{"line":28,"column":32},"end":{"line":28,"column":33}},"loc":{"start":{"line":28,"column":52},"end":{"line":63,"column":1}},"line":28},"3":{"name":"(anonymous_3)","decl":{"start":{"line":65,"column":31},"end":{"line":65,"column":32}},"loc":{"start":{"line":65,"column":51},"end":{"line":72,"column":1}},"line":65}},"branchMap":{"0":{"loc":{"start":{"line":35,"column":4},"end":{"line":62,"column":5}},"type":"if","locations":[{"start":{"line":35,"column":4},"end":{"line":62,"column":5}},{"start":{"line":51,"column":9},"end":{"line":62,"column":5}}],"line":35},"1":{"loc":{"start":{"line":38,"column":8},"end":{"line":49,"column":9}},"type":"if","locations":[{"start":{"line":38,"column":8},"end":{"line":49,"column":9}},{"start":{"line":44,"column":13},"end":{"line":49,"column":9}}],"line":38}},"s":{"0":0,"1":0,"2":0,"3":0,"4":0,"5":0,"6":0,"7":0,"8":0,"9":0,"10":0,"11":0,"12":0,"13":0,"14":0,"15":0,"16":0,"17":0,"18":0,"19":0,"20":0,"21":0,"22":0,"23":0,"24":0,"25":0,"26":0,"27":0,"28":0,"29":0,"30":0,"31":0,"32":0,"33":0,"34":0,"35":0,"36":0,"37":0,"38":0,"39":0,"40":0,"41":0,"42":0,"43":0,"44":0},"f":{"0":0,"1":0,"2":0,"3":0},"b":{"0":[0,0],"1":[0,0]}}
,"C:\\Projects\\webdev\\NGOreactproject\\Gith_project\\GoodWill_2.0\\backend\\controllers\\userController.js": {"path":"C:\\Projects\\webdev\\NGOreactproject\\Gith_project\\GoodWill_2.0\\backend\\controllers\\userController.js","statementMap":{"0":{"start":{"line":1,"column":21},"end":{"line":1,"column":53}},"1":{"start":{"line":2,"column":13},"end":{"line":2,"column":48}},"2":{"start":{"line":3,"column":12},"end":{"line":3,"column":35}},"3":{"start":{"line":4,"column":15},"end":{"line":4,"column":34}},"4":{"start":{"line":5,"column":15},"end":{"line":5,"column":39}},"5":{"start":{"line":9,"column":22},"end":{"line":12,"column":1}},"6":{"start":{"line":11,"column":2},"end":{"line":11,"column":56}},"7":{"start":{"line":15,"column":21},"end":{"line":82,"column":2}},"8":{"start":{"line":18,"column":42},"end":{"line":18,"column":50}},"9":{"start":{"line":19,"column":2},"end":{"line":19,"column":19}},"10":{"start":{"line":20,"column":2},"end":{"line":20,"column":19}},"11":{"start":{"line":21,"column":2},"end":{"line":21,"column":20}},"12":{"start":{"line":22,"column":2},"end":{"line":22,"column":23}},"13":{"start":{"line":24,"column":2},"end":{"line":27,"column":3}},"14":{"start":{"line":25,"column":4},"end":{"line":25,"column":20}},"15":{"start":{"line":26,"column":4},"end":{"line":26,"column":58}},"16":{"start":{"line":28,"column":2},"end":{"line":31,"column":3}},"17":{"start":{"line":29,"column":4},"end":{"line":29,"column":20}},"18":{"start":{"line":30,"column":4},"end":{"line":30,"column":59}},"19":{"start":{"line":34,"column":21},"end":{"line":34,"column":56}},"20":{"start":{"line":36,"column":2},"end":{"line":39,"column":3}},"21":{"start":{"line":37,"column":4},"end":{"line":37,"column":20}},"22":{"start":{"line":38,"column":4},"end":{"line":38,"column":57}},"23":{"start":{"line":41,"column":28},"end":{"line":41,"column":59}},"24":{"start":{"line":44,"column":15},"end":{"line":50,"column":4}},"25":{"start":{"line":51,"column":2},"end":{"line":51,"column":13}},"26":{"start":{"line":53,"column":2},"end":{"line":53,"column":20}},"27":{"start":{"line":54,"column":16},"end":{"line":54,"column":39}},"28":{"start":{"line":57,"column":2},"end":{"line":63,"column":5}},"29":{"start":{"line":65,"column":2},"end":{"line":81,"column":3}},"30":{"start":{"line":66,"column":33},"end":{"line":66,"column":37}},"31":{"start":{"line":67,"column":4},"end":{"line":75,"column":7}},"32":{"start":{"line":76,"column":4},"end":{"line":76,"column":26}},"33":{"start":{"line":77,"column":4},"end":{"line":77,"column":22}},"34":{"start":{"line":79,"column":4},"end":{"line":79,"column":20}},"35":{"start":{"line":80,"column":4},"end":{"line":80,"column":41}},"36":{"start":{"line":85,"column":18},"end":{"line":136,"column":2}},"37":{"start":{"line":86,"column":2},"end":{"line":86,"column":23}},"38":{"start":{"line":87,"column":36},"end":{"line":87,"column":44}},"39":{"start":{"line":90,"column":2},"end":{"line":93,"column":3}},"40":{"start":{"line":91,"column":4},"end":{"line":91,"column":20}},"41":{"start":{"line":92,"column":4},"end":{"line":92,"column":52}},"42":{"start":{"line":96,"column":15},"end":{"line":96,"column":50}},"43":{"start":{"line":97,"column":2},"end":{"line":100,"column":3}},"44":{"start":{"line":98,"column":4},"end":{"line":98,"column":20}},"45":{"start":{"line":99,"column":4},"end":{"line":99,"column":53}},"46":{"start":{"line":104,"column":28},"end":{"line":104,"column":73}},"47":{"start":{"line":106,"column":16},"end":{"line":106,"column":39}},"48":{"start":{"line":108,"column":2},"end":{"line":108,"column":20}},"49":{"start":{"line":109,"column":2},"end":{"line":109,"column":19}},"50":{"start":{"line":110,"column":2},"end":{"line":110,"column":32}},"51":{"start":{"line":111,"column":2},"end":{"line":120,"column":3}},"52":{"start":{"line":113,"column":4},"end":{"line":119,"column":7}},"53":{"start":{"line":121,"column":2},"end":{"line":135,"column":3}},"54":{"start":{"line":122,"column":45},"end":{"line":122,"column":49}},"55":{"start":{"line":123,"column":4},"end":{"line":131,"column":7}},"56":{"start":{"line":133,"column":4},"end":{"line":133,"column":20}},"57":{"start":{"line":134,"column":4},"end":{"line":134,"column":49}},"58":{"start":{"line":139,"column":15},"end":{"line":161,"column":2}},"59":{"start":{"line":141,"column":2},"end":{"line":141,"column":41}},"60":{"start":{"line":142,"column":16},"end":{"line":142,"column":33}},"61":{"start":{"line":143,"column":2},"end":{"line":143,"column":21}},"62":{"start":{"line":144,"column":2},"end":{"line":147,"column":3}},"63":{"start":{"line":145,"column":4},"end":{"line":145,"column":20}},"64":{"start":{"line":146,"column":4},"end":{"line":146,"column":52}},"65":{"start":{"line":150,"column":19},"end":{"line":150,"column":45}},"66":{"start":{"line":151,"column":2},"end":{"line":151,"column":23}},"67":{"start":{"line":153,"column":2},"end":{"line":159,"column":5}},"68":{"start":{"line":160,"column":2},"end":{"line":160,"column":70}},"69":{"start":{"line":164,"column":20},"end":{"line":181,"column":2}},"70":{"start":{"line":165,"column":16},"end":{"line":165,"column":33}},"71":{"start":{"line":169,"column":2},"end":{"line":171,"column":3}},"72":{"start":{"line":170,"column":4},"end":{"line":170,"column":27}},"73":{"start":{"line":174,"column":19},"end":{"line":174,"column":45}},"74":{"start":{"line":176,"column":2},"end":{"line":176,"column":23}},"75":{"start":{"line":177,"column":2},"end":{"line":179,"column":3}},"76":{"start":{"line":178,"column":4},"end":{"line":178,"column":26}},"77":{"start":{"line":180,"column":2},"end":{"line":180,"column":25}},"78":{"start":{"line":183,"column":0},"end":{"line":188,"column":1}}},"fnMap":{"0":{"name":"(anonymous_0)","decl":{"start":{"line":9,"column":22},"end":{"line":9,"column":23}},"loc":{"start":{"line":9,"column":30},"end":{"line":12,"column":1}},"line":9},"1":{"name":"(anonymous_1)","decl":{"start":{"line":15,"column":34},"end":{"line":15,"column":35}},"loc":{"start":{"line":15,"column":54},"end":{"line":82,"column":1}},"line":15},"2":{"name":"(anonymous_2)","decl":{"start":{"line":85,"column":31},"end":{"line":85,"column":32}},"loc":{"start":{"line":85,"column":51},"end":{"line":136,"column":1}},"line":85},"3":{"name":"(anonymous_3)","decl":{"start":{"line":139,"column":28},"end":{"line":139,"column":29}},"loc":{"start":{"line":139,"column":48},"end":{"line":161,"column":1}},"line":139},"4":{"name":"(anonymous_4)","decl":{"start":{"line":164,"column":33},"end":{"line":164,"column":34}},"loc":{"start":{"line":164,"column":53},"end":{"line":181,"column":1}},"line":164}},"branchMap":{"0":{"loc":{"start":{"line":24,"column":2},"end":{"line":27,"column":3}},"type":"if","locations":[{"start":{"line":24,"column":2},"end":{"line":27,"column":3}},{"start":{},"end":{}}],"line":24},"1":{"loc":{"start":{"line":24,"column":6},"end":{"line":24,"column":43}},"type":"binary-expr","locations":[{"start":{"line":24,"column":6},"end":{"line":24,"column":11}},{"start":{"line":24,"column":15},"end":{"line":24,"column":21}},{"start":{"line":24,"column":25},"end":{"line":24,"column":34}},{"start":{"line":24,"column":38},"end":{"line":24,"column":43}}],"line":24},"2":{"loc":{"start":{"line":28,"column":2},"end":{"line":31,"column":3}},"type":"if","locations":[{"start":{"line":28,"column":2},"end":{"line":31,"column":3}},{"start":{},"end":{}}],"line":28},"3":{"loc":{"start":{"line":36,"column":2},"end":{"line":39,"column":3}},"type":"if","locations":[{"start":{"line":36,"column":2},"end":{"line":39,"column":3}},{"start":{},"end":{}}],"line":36},"4":{"loc":{"start":{"line":65,"column":2},"end":{"line":81,"column":3}},"type":"if","locations":[{"start":{"line":65,"column":2},"end":{"line":81,"column":3}},{"start":{"line":78,"column":9},"end":{"line":81,"column":3}}],"line":65},"5":{"loc":{"start":{"line":90,"column":2},"end":{"line":93,"column":3}},"type":"if","locations":[{"start":{"line":90,"column":2},"end":{"line":93,"column":3}},{"start":{},"end":{}}],"line":90},"6":{"loc":{"start":{"line":90,"column":6},"end":{"line":90,"column":34}},"type":"binary-expr","locations":[{"start":{"line":90,"column":6},"end":{"line":90,"column":11}},{"start":{"line":90,"column":15},"end":{"line":90,"column":21}},{"start":{"line":90,"column":25},"end":{"line":90,"column":34}}],"line":90},"7":{"loc":{"start":{"line":97,"column":2},"end":{"line":100,"column":3}},"type":"if","locations":[{"start":{"line":97,"column":2},"end":{"line":100,"column":3}},{"start":{},"end":{}}],"line":97},"8":{"loc":{"start":{"line":111,"column":2},"end":{"line":120,"column":3}},"type":"if","locations":[{"start":{"line":111,"column":2},"end":{"line":120,"column":3}},{"start":{},"end":{}}],"line":111},"9":{"loc":{"start":{"line":121,"column":2},"end":{"line":135,"column":3}},"type":"if","locations":[{"start":{"line":121,"column":2},"end":{"line":135,"column":3}},{"start":{"line":132,"column":9},"end":{"line":135,"column":3}}],"line":121},"10":{"loc":{"start":{"line":121,"column":6},"end":{"line":121,"column":31}},"type":"binary-expr","locations":[{"start":{"line":121,"column":6},"end":{"line":121,"column":10}},{"start":{"line":121,"column":14},"end":{"line":121,"column":31}}],"line":121},"11":{"loc":{"start":{"line":144,"column":2},"end":{"line":147,"column":3}},"type":"if","locations":[{"start":{"line":144,"column":2},"end":{"line":147,"column":3}},{"start":{},"end":{}}],"line":144},"12":{"loc":{"start":{"line":169,"column":2},"end":{"line":171,"column":3}},"type":"if","locations":[{"start":{"line":169,"column":2},"end":{"line":171,"column":3}},{"start":{},"end":{}}],"line":169},"13":{"loc":{"start":{"line":177,"column":2},"end":{"line":179,"column":3}},"type":"if","locations":[{"start":{"line":177,"column":2},"end":{"line":179,"column":3}},{"start":{},"end":{}}],"line":177}},"s":{"0":1,"1":1,"2":1,"3":1,"4":1,"5":1,"6":0,"7":1,"8":0,"9":0,"10":0,"11":0,"12":0,"13":0,"14":0,"15":0,"16":0,"17":0,"18":0,"19":0,"20":0,"21":0,"22":0,"23":0,"24":0,"25":0,"26":0,"27":0,"28":0,"29":0,"30":0,"31":0,"32":0,"33":0,"34":0,"35":0,"36":1,"37":0,"38":0,"39":0,"40":0,"41":0,"42":0,"43":0,"44":0,"45":0,"46":0,"47":0,"48":0,"49":0,"50":0,"51":0,"52":0,"53":0,"54":0,"55":0,"56":0,"57":0,"58":1,"59":0,"60":0,"61":0,"62":0,"63":0,"64":0,"65":0,"66":0,"67":0,"68":0,"69":1,"70":0,"71":0,"72":0,"73":0,"74":0,"75":0,"76":0,"77":0,"78":1},"f":{"0":0,"1":0,"2":0,"3":0,"4":0},"b":{"0":[0,0],"1":[0,0,0,0],"2":[0,0],"3":[0,0],"4":[0,0],"5":[0,0],"6":[0,0,0],"7":[0,0],"8":[0,0],"9":[0,0],"10":[0,0],"11":[0,0],"12":[0,0],"13":[0,0]},"_coverageSchema":"1a1c01bbd47fc00a2c39e90264f33305004495a9","hash":"d71d92aab21f74642e5e3bab401beb8200f8f8a5"}
,"C:\\Projects\\webdev\\NGOreactproject\\Gith_project\\GoodWill_2.0\\backend\\coverage\\lcov-report\\block-navigation.js": {"path":"C:\\Projects\\webdev\\NGOreactproject\\Gith_project\\GoodWill_2.0\\backend\\coverage\\lcov-report\\block-navigation.js","statementMap":{"0":{"start":{"line":2,"column":17},"end":{"line":86,"column":4}},"1":{"start":{"line":4,"column":33},"end":{"line":4,"column":74}},"2":{"start":{"line":7,"column":30},"end":{"line":7,"column":44}},"3":{"start":{"line":10,"column":22},"end":{"line":10,"column":78}},"4":{"start":{"line":14,"column":8},"end":{"line":17,"column":55}},"5":{"start":{"line":20,"column":34},"end":{"line":20,"column":69}},"6":{"start":{"line":25,"column":8},"end":{"line":27,"column":45}},"7":{"start":{"line":28,"column":8},"end":{"line":28,"column":73}},"8":{"start":{"line":32,"column":8},"end":{"line":32,"column":27}},"9":{"start":{"line":33,"column":8},"end":{"line":33,"column":29}},"10":{"start":{"line":34,"column":8},"end":{"line":38,"column":11}},"11":{"start":{"line":42,"column":24},"end":{"line":42,"column":25}},"12":{"start":{"line":43,"column":8},"end":{"line":47,"column":9}},"13":{"start":{"line":44,"column":12},"end":{"line":44,"column":59}},"14":{"start":{"line":45,"column":15},"end":{"line":47,"column":9}},"15":{"start":{"line":46,"column":12},"end":{"line":46,"column":41}},"16":{"start":{"line":49,"column":8},"end":{"line":49,"column":31}},"17":{"start":{"line":53,"column":24},"end":{"line":53,"column":25}},"18":{"start":{"line":55,"column":8},"end":{"line":60,"column":9}},"19":{"start":{"line":59,"column":12},"end":{"line":59,"column":41}},"20":{"start":{"line":62,"column":8},"end":{"line":62,"column":31}},"21":{"start":{"line":65,"column":4},"end":{"line":85,"column":6}},"22":{"start":{"line":66,"column":8},"end":{"line":72,"column":9}},"23":{"start":{"line":71,"column":12},"end":{"line":71,"column":19}},"24":{"start":{"line":74,"column":8},"end":{"line":84,"column":9}},"25":{"start":{"line":77,"column":16},"end":{"line":77,"column":27}},"26":{"start":{"line":78,"column":16},"end":{"line":78,"column":22}},"27":{"start":{"line":82,"column":16},"end":{"line":82,"column":31}},"28":{"start":{"line":83,"column":16},"end":{"line":83,"column":22}},"29":{"start":{"line":87,"column":0},"end":{"line":87,"column":47}}},"fnMap":{"0":{"name":"init","decl":{"start":{"line":2,"column":27},"end":{"line":2,"column":31}},"loc":{"start":{"line":2,"column":34},"end":{"line":86,"column":1}},"line":2},"1":{"name":"toggleClass","decl":{"start":{"line":24,"column":13},"end":{"line":24,"column":24}},"loc":{"start":{"line":24,"column":32},"end":{"line":29,"column":5}},"line":24},"2":{"name":"makeCurrent","decl":{"start":{"line":31,"column":13},"end":{"line":31,"column":24}},"loc":{"start":{"line":31,"column":32},"end":{"line":39,"column":5}},"line":31},"3":{"name":"goToPrevious","decl":{"start":{"line":41,"column":13},"end":{"line":41,"column":25}},"loc":{"start":{"line":41,"column":28},"end":{"line":50,"column":5}},"line":41},"4":{"name":"goToNext","decl":{"start":{"line":52,"column":13},"end":{"line":52,"column":21}},"loc":{"start":{"line":52,"column":24},"end":{"line":63,"column":5}},"line":52},"5":{"name":"jump","decl":{"start":{"line":65,"column":20},"end":{"line":65,"column":24}},"loc":{"start":{"line":65,"column":32},"end":{"line":85,"column":5}},"line":65}},"branchMap":{"0":{"loc":{"start":{"line":43,"column":8},"end":{"line":47,"column":9}},"type":"if","locations":[{"start":{"line":43,"column":8},"end":{"line":47,"column":9}},{"start":{"line":45,"column":15},"end":{"line":47,"column":9}}],"line":43},"1":{"loc":{"start":{"line":43,"column":12},"end":{"line":43,"column":66}},"type":"binary-expr","locations":[{"start":{"line":43,"column":12},"end":{"line":43,"column":44}},{"start":{"line":43,"column":48},"end":{"line":43,"column":66}}],"line":43},"2":{"loc":{"start":{"line":45,"column":15},"end":{"line":47,"column":9}},"type":"if","locations":[{"start":{"line":45,"column":15},"end":{"line":47,"column":9}},{"start":{},"end":{}}],"line":45},"3":{"loc":{"start":{"line":55,"column":8},"end":{"line":60,"column":9}},"type":"if","locations":[{"start":{"line":55,"column":8},"end":{"line":60,"column":9}},{"start":{},"end":{}}],"line":55},"4":{"loc":{"start":{"line":56,"column":12},"end":{"line":57,"column":61}},"type":"binary-expr","locations":[{"start":{"line":56,"column":12},"end":{"line":56,"column":44}},{"start":{"line":57,"column":12},"end":{"line":57,"column":61}}],"line":56},"5":{"loc":{"start":{"line":66,"column":8},"end":{"line":72,"column":9}},"type":"if","locations":[{"start":{"line":66,"column":8},"end":{"line":72,"column":9}},{"start":{},"end":{}}],"line":66},"6":{"loc":{"start":{"line":67,"column":12},"end":{"line":68,"column":42}},"type":"binary-expr","locations":[{"start":{"line":67,"column":12},"end":{"line":67,"column":76}},{"start":{"line":68,"column":12},"end":{"line":68,"column":42}}],"line":67},"7":{"loc":{"start":{"line":74,"column":8},"end":{"line":84,"column":9}},"type":"switch","locations":[{"start":{"line":75,"column":12},"end":{"line":75,"column":20}},{"start":{"line":76,"column":12},"end":{"line":78,"column":22}},{"start":{"line":79,"column":12},"end":{"line":79,"column":20}},{"start":{"line":80,"column":12},"end":{"line":80,"column":20}},{"start":{"line":81,"column":12},"end":{"line":83,"column":22}}],"line":74}},"s":{"0":0,"1":0,"2":0,"3":0,"4":0,"5":0,"6":0,"7":0,"8":0,"9":0,"10":0,"11":0,"12":0,"13":0,"14":0,"15":0,"16":0,"17":0,"18":0,"19":0,"20":0,"21":0,"22":0,"23":0,"24":0,"25":0,"26":0,"27":0,"28":0,"29":0},"f":{"0":0,"1":0,"2":0,"3":0,"4":0,"5":0},"b":{"0":[0,0],"1":[0,0],"2":[0,0],"3":[0,0],"4":[0,0],"5":[0,0],"6":[0,0],"7":[0,0,0,0,0]}}
,"C:\\Projects\\webdev\\NGOreactproject\\Gith_project\\GoodWill_2.0\\backend\\coverage\\lcov-report\\prettify.js": {"path":"C:\\Projects\\webdev\\NGOreactproject\\Gith_project\\GoodWill_2.0\\backend\\coverage\\lcov-report\\prettify.js","statementMap":{"0":{"start":{"line":2,"column":0},"end":{"line":2,"column":39}},"1":{"start":{"line":2,"column":39},"end":{"line":2,"column":15785}},"2":{"start":{"line":2,"column":57},"end":{"line":2,"column":103}},"3":{"start":{"line":2,"column":110},"end":{"line":2,"column":270}},"4":{"start":{"line":2,"column":277},"end":{"line":2,"column":379}},"5":{"start":{"line":2,"column":386},"end":{"line":2,"column":644}},"6":{"start":{"line":2,"column":651},"end":{"line":2,"column":794}},"7":{"start":{"line":2,"column":801},"end":{"line":2,"column":1069}},"8":{"start":{"line":2,"column":1076},"end":{"line":2,"column":1234}},"9":{"start":{"line":2,"column":1241},"end":{"line":2,"column":1321}},"10":{"start":{"line":2,"column":1328},"end":{"line":2,"column":1504}},"11":{"start":{"line":2,"column":1511},"end":{"line":2,"column":1665}},"12":{"start":{"line":2,"column":1672},"end":{"line":2,"column":1844}},"13":{"start":{"line":2,"column":1851},"end":{"line":2,"column":1917}},"14":{"start":{"line":2,"column":1924},"end":{"line":2,"column":1939}},"15":{"start":{"line":2,"column":1946},"end":{"line":2,"column":2058}},"16":{"start":{"line":2,"column":2065},"end":{"line":2,"column":2070}},"17":{"start":{"line":2,"column":2077},"end":{"line":2,"column":2082}},"18":{"start":{"line":2,"column":2089},"end":{"line":2,"column":2094}},"19":{"start":{"line":2,"column":2101},"end":{"line":2,"column":2106}},"20":{"start":{"line":2,"column":2113},"end":{"line":2,"column":2118}},"21":{"start":{"line":2,"column":2125},"end":{"line":2,"column":2130}},"22":{"start":{"line":2,"column":2137},"end":{"line":2,"column":2142}},"23":{"start":{"line":2,"column":2149},"end":{"line":2,"column":2154}},"24":{"start":{"line":2,"column":2161},"end":{"line":2,"column":2166}},"25":{"start":{"line":2,"column":2173},"end":{"line":2,"column":2178}},"26":{"start":{"line":2,"column":2185},"end":{"line":2,"column":2190}},"27":{"start":{"line":2,"column":2197},"end":{"line":2,"column":2202}},"28":{"start":{"line":2,"column":2209},"end":{"line":2,"column":2217}},"29":{"start":{"line":2,"column":2224},"end":{"line":2,"column":2523}},"30":{"start":{"line":2,"column":2545},"end":{"line":2,"column":2546}},"31":{"start":{"line":2,"column":2553},"end":{"line":2,"column":2558}},"32":{"start":{"line":2,"column":2566},"end":{"line":2,"column":2571}},"33":{"start":{"line":2,"column":2572},"end":{"line":2,"column":2754}},"34":{"start":{"line":2,"column":2582},"end":{"line":2,"column":2583}},"35":{"start":{"line":2,"column":2586},"end":{"line":2,"column":2594}},"36":{"start":{"line":2,"column":2611},"end":{"line":2,"column":2615}},"37":{"start":{"line":2,"column":2616},"end":{"line":2,"column":2753}},"38":{"start":{"line":2,"column":2634},"end":{"line":2,"column":2641}},"39":{"start":{"line":2,"column":2647},"end":{"line":2,"column":2752}},"40":{"start":{"line":2,"column":2730},"end":{"line":2,"column":2737}},"41":{"start":{"line":2,"column":2737},"end":{"line":2,"column":2746}},"42":{"start":{"line":2,"column":2746},"end":{"line":2,"column":2751}},"43":{"start":{"line":2,"column":2760},"end":{"line":2,"column":2789}},"44":{"start":{"line":2,"column":2813},"end":{"line":2,"column":2829}},"45":{"start":{"line":2,"column":2830},"end":{"line":2,"column":2852}},"46":{"start":{"line":2,"column":2842},"end":{"line":2,"column":2851}},"47":{"start":{"line":2,"column":2859},"end":{"line":2,"column":2871}},"48":{"start":{"line":2,"column":2872},"end":{"line":2,"column":2881}},"49":{"start":{"line":2,"column":2881},"end":{"line":2,"column":3054}},"50":{"start":{"line":2,"column":2888},"end":{"line":2,"column":2897}},"51":{"start":{"line":2,"column":2903},"end":{"line":2,"column":3053}},"52":{"start":{"line":2,"column":2924},"end":{"line":2,"column":2958}},"53":{"start":{"line":2,"column":2964},"end":{"line":2,"column":3052}},"54":{"start":{"line":2,"column":2987},"end":{"line":2,"column":3022}},"55":{"start":{"line":2,"column":3028},"end":{"line":2,"column":3051}},"56":{"start":{"line":2,"column":3070},"end":{"line":2,"column":3123}},"57":{"start":{"line":2,"column":3080},"end":{"line":2,"column":3122}},"58":{"start":{"line":2,"column":3130},"end":{"line":2,"column":3153}},"59":{"start":{"line":2,"column":3154},"end":{"line":2,"column":3209}},"60":{"start":{"line":2,"column":3198},"end":{"line":2,"column":3208}},"61":{"start":{"line":2,"column":3209},"end":{"line":2,"column":3218}},"62":{"start":{"line":2,"column":3241},"end":{"line":2,"column":3392}},"63":{"start":{"line":2,"column":3400},"end":{"line":2,"column":3402}},"64":{"start":{"line":2,"column":3410},"end":{"line":2,"column":3412}},"65":{"start":{"line":2,"column":3420},"end":{"line":2,"column":3431}},"66":{"start":{"line":2,"column":3432},"end":{"line":2,"column":3796}},"67":{"start":{"line":2,"column":3443},"end":{"line":2,"column":3449}},"68":{"start":{"line":2,"column":3453},"end":{"line":2,"column":3462}},"69":{"start":{"line":2,"column":3482},"end":{"line":2,"column":3488}},"70":{"start":{"line":2,"column":3489},"end":{"line":2,"column":3795}},"71":{"start":{"line":2,"column":3514},"end":{"line":2,"column":3525}},"72":{"start":{"line":2,"column":3538},"end":{"line":2,"column":3544}},"73":{"start":{"line":2,"column":3552},"end":{"line":2,"column":3613}},"74":{"start":{"line":2,"column":3580},"end":{"line":2,"column":3596}},"75":{"start":{"line":2,"column":3596},"end":{"line":2,"column":3601}},"76":{"start":{"line":2,"column":3607},"end":{"line":2,"column":3612}},"77":{"start":{"line":2,"column":3613},"end":{"line":2,"column":3630}},"78":{"start":{"line":2,"column":3630},"end":{"line":2,"column":3794}},"79":{"start":{"line":2,"column":3651},"end":{"line":2,"column":3720}},"80":{"start":{"line":2,"column":3671},"end":{"line":2,"column":3719}},"81":{"start":{"line":2,"column":3720},"end":{"line":2,"column":3793}},"82":{"start":{"line":2,"column":3741},"end":{"line":2,"column":3792}},"83":{"start":{"line":2,"column":3796},"end":{"line":2,"column":3857}},"84":{"start":{"line":2,"column":3820},"end":{"line":2,"column":3854}},"85":{"start":{"line":2,"column":3864},"end":{"line":2,"column":3866}},"86":{"start":{"line":2,"column":3874},"end":{"line":2,"column":3883}},"87":{"start":{"line":2,"column":3884},"end":{"line":2,"column":3998}},"88":{"start":{"line":2,"column":3895},"end":{"line":2,"column":3896}},"89":{"start":{"line":2,"column":3923},"end":{"line":2,"column":3929}},"90":{"start":{"line":2,"column":3930},"end":{"line":2,"column":3997}},"91":{"start":{"line":2,"column":3949},"end":{"line":2,"column":3976}},"92":{"start":{"line":2,"column":3982},"end":{"line":2,"column":3996}},"93":{"start":{"line":2,"column":4005},"end":{"line":2,"column":4010}},"94":{"start":{"line":2,"column":4011},"end":{"line":2,"column":4031}},"95":{"start":{"line":2,"column":4018},"end":{"line":2,"column":4030}},"96":{"start":{"line":2,"column":4031},"end":{"line":2,"column":4052}},"97":{"start":{"line":2,"column":4052},"end":{"line":2,"column":4182}},"98":{"start":{"line":2,"column":4063},"end":{"line":2,"column":4064}},"99":{"start":{"line":2,"column":4091},"end":{"line":2,"column":4097}},"100":{"start":{"line":2,"column":4098},"end":{"line":2,"column":4116}},"101":{"start":{"line":2,"column":4116},"end":{"line":2,"column":4181}},"102":{"start":{"line":2,"column":4132},"end":{"line":2,"column":4163}},"103":{"start":{"line":2,"column":4150},"end":{"line":2,"column":4162}},"104":{"start":{"line":2,"column":4163},"end":{"line":2,"column":4180}},"105":{"start":{"line":2,"column":4182},"end":{"line":2,"column":4195}},"106":{"start":{"line":2,"column":4195},"end":{"line":2,"column":4213}},"107":{"start":{"line":2,"column":4236},"end":{"line":2,"column":4424}},"108":{"start":{"line":2,"column":4432},"end":{"line":2,"column":4441}},"109":{"start":{"line":2,"column":4449},"end":{"line":2,"column":4451}},"110":{"start":{"line":2,"column":4452},"end":{"line":2,"column":4595}},"111":{"start":{"line":2,"column":4463},"end":{"line":2,"column":4464}},"112":{"start":{"line":2,"column":4468},"end":{"line":2,"column":4469}},"113":{"start":{"line":2,"column":4489},"end":{"line":2,"column":4495}},"114":{"start":{"line":2,"column":4496},"end":{"line":2,"column":4594}},"115":{"start":{"line":2,"column":4509},"end":{"line":2,"column":4513}},"116":{"start":{"line":2,"column":4519},"end":{"line":2,"column":4593}},"117":{"start":{"line":2,"column":4550},"end":{"line":2,"column":4566}},"118":{"start":{"line":2,"column":4567},"end":{"line":2,"column":4592}},"119":{"start":{"line":2,"column":4582},"end":{"line":2,"column":4591}},"120":{"start":{"line":2,"column":4595},"end":{"line":2,"column":4656}},"121":{"start":{"line":2,"column":4606},"end":{"line":2,"column":4607}},"122":{"start":{"line":2,"column":4627},"end":{"line":2,"column":4655}},"123":{"start":{"line":2,"column":4643},"end":{"line":2,"column":4654}},"124":{"start":{"line":2,"column":4656},"end":{"line":2,"column":4845}},"125":{"start":{"line":2,"column":4667},"end":{"line":2,"column":4668}},"126":{"start":{"line":2,"column":4672},"end":{"line":2,"column":4673}},"127":{"start":{"line":2,"column":4693},"end":{"line":2,"column":4699}},"128":{"start":{"line":2,"column":4700},"end":{"line":2,"column":4844}},"129":{"start":{"line":2,"column":4713},"end":{"line":2,"column":4718}},"130":{"start":{"line":2,"column":4718},"end":{"line":2,"column":4754}},"131":{"start":{"line":2,"column":4741},"end":{"line":2,"column":4753}},"132":{"start":{"line":2,"column":4760},"end":{"line":2,"column":4843}},"133":{"start":{"line":2,"column":4791},"end":{"line":2,"column":4807}},"134":{"start":{"line":2,"column":4808},"end":{"line":2,"column":4842}},"135":{"start":{"line":2,"column":4823},"end":{"line":2,"column":4841}},"136":{"start":{"line":2,"column":4845},"end":{"line":2,"column":4919}},"137":{"start":{"line":2,"column":4856},"end":{"line":2,"column":4857}},"138":{"start":{"line":2,"column":4861},"end":{"line":2,"column":4862}},"139":{"start":{"line":2,"column":4875},"end":{"line":2,"column":4918}},"140":{"start":{"line":2,"column":4908},"end":{"line":2,"column":4917}},"141":{"start":{"line":2,"column":4919},"end":{"line":2,"column":5178}},"142":{"start":{"line":2,"column":4940},"end":{"line":2,"column":5177}},"143":{"start":{"line":2,"column":4951},"end":{"line":2,"column":4952}},"144":{"start":{"line":2,"column":4972},"end":{"line":2,"column":4978}},"145":{"start":{"line":2,"column":4986},"end":{"line":2,"column":4998}},"146":{"start":{"line":2,"column":4999},"end":{"line":2,"column":5176}},"147":{"start":{"line":2,"column":5026},"end":{"line":2,"column":5038}},"148":{"start":{"line":2,"column":5044},"end":{"line":2,"column":5175}},"149":{"start":{"line":2,"column":5058},"end":{"line":2,"column":5174}},"150":{"start":{"line":2,"column":5108},"end":{"line":2,"column":5124}},"151":{"start":{"line":2,"column":5125},"end":{"line":2,"column":5172}},"152":{"start":{"line":2,"column":5178},"end":{"line":2,"column":5196}},"153":{"start":{"line":2,"column":5204},"end":{"line":2,"column":5206}},"154":{"start":{"line":2,"column":5207},"end":{"line":2,"column":5327}},"155":{"start":{"line":2,"column":5217},"end":{"line":2,"column":5218}},"156":{"start":{"line":2,"column":5221},"end":{"line":2,"column":5229}},"157":{"start":{"line":2,"column":5246},"end":{"line":2,"column":5250}},"158":{"start":{"line":2,"column":5251},"end":{"line":2,"column":5302}},"159":{"start":{"line":2,"column":5279},"end":{"line":2,"column":5301}},"160":{"start":{"line":2,"column":5302},"end":{"line":2,"column":5326}},"161":{"start":{"line":2,"column":5327},"end":{"line":2,"column":5370}},"162":{"start":{"line":2,"column":5391},"end":{"line":2,"column":5415}},"163":{"start":{"line":2,"column":5422},"end":{"line":2,"column":5424}},"164":{"start":{"line":2,"column":5431},"end":{"line":2,"column":5432}},"165":{"start":{"line":2,"column":5439},"end":{"line":2,"column":5441}},"166":{"start":{"line":2,"column":5448},"end":{"line":2,"column":5449}},"167":{"start":{"line":2,"column":5456},"end":{"line":2,"column":5617}},"168":{"start":{"line":2,"column":5475},"end":{"line":2,"column":5502}},"169":{"start":{"line":2,"column":5508},"end":{"line":2,"column":5616}},"170":{"start":{"line":2,"column":5536},"end":{"line":2,"column":5615}},"171":{"start":{"line":2,"column":5623},"end":{"line":2,"column":5650}},"172":{"start":{"line":2,"column":5667},"end":{"line":2,"column":6045}},"173":{"start":{"line":2,"column":5694},"end":{"line":2,"column":5726}},"174":{"start":{"line":2,"column":5719},"end":{"line":2,"column":5725}},"175":{"start":{"line":2,"column":5726},"end":{"line":2,"column":5780}},"176":{"start":{"line":2,"column":5737},"end":{"line":2,"column":5750}},"177":{"start":{"line":2,"column":5773},"end":{"line":2,"column":5779}},"178":{"start":{"line":2,"column":5787},"end":{"line":2,"column":5798}},"179":{"start":{"line":2,"column":5799},"end":{"line":2,"column":5863}},"180":{"start":{"line":2,"column":5824},"end":{"line":2,"column":5834}},"181":{"start":{"line":2,"column":5834},"end":{"line":2,"column":5846}},"182":{"start":{"line":2,"column":5846},"end":{"line":2,"column":5862}},"183":{"start":{"line":2,"column":5863},"end":{"line":2,"column":5869}},"184":{"start":{"line":2,"column":5890},"end":{"line":2,"column":5902}},"185":{"start":{"line":2,"column":5903},"end":{"line":2,"column":6039}},"186":{"start":{"line":2,"column":5917},"end":{"line":2,"column":5991}},"187":{"start":{"line":2,"column":5924},"end":{"line":2,"column":5956}},"188":{"start":{"line":2,"column":5962},"end":{"line":2,"column":5990}},"189":{"start":{"line":2,"column":5991},"end":{"line":2,"column":5999}},"190":{"start":{"line":2,"column":5999},"end":{"line":2,"column":6009}},"191":{"start":{"line":2,"column":6009},"end":{"line":2,"column":6022}},"192":{"start":{"line":2,"column":6022},"end":{"line":2,"column":6038}},"193":{"start":{"line":2,"column":6039},"end":{"line":2,"column":6044}},"194":{"start":{"line":2,"column":6046},"end":{"line":2,"column":6052}},"195":{"start":{"line":2,"column":6052},"end":{"line":2,"column":6107}},"196":{"start":{"line":2,"column":6128},"end":{"line":2,"column":6142}},"197":{"start":{"line":2,"column":6135},"end":{"line":2,"column":6141}},"198":{"start":{"line":2,"column":6148},"end":{"line":2,"column":6172}},"199":{"start":{"line":2,"column":6173},"end":{"line":2,"column":6178}},"200":{"start":{"line":2,"column":6178},"end":{"line":2,"column":6207}},"201":{"start":{"line":2,"column":6214},"end":{"line":2,"column":6218}},"202":{"start":{"line":2,"column":6239},"end":{"line":2,"column":6248}},"203":{"start":{"line":2,"column":6249},"end":{"line":2,"column":6362}},"204":{"start":{"line":2,"column":6259},"end":{"line":2,"column":6271}},"205":{"start":{"line":2,"column":6297},"end":{"line":2,"column":6307}},"206":{"start":{"line":2,"column":6308},"end":{"line":2,"column":6361}},"207":{"start":{"line":2,"column":6362},"end":{"line":2,"column":6386}},"208":{"start":{"line":2,"column":6409},"end":{"line":2,"column":6411}},"209":{"start":{"line":2,"column":6418},"end":{"line":2,"column":6700}},"210":{"start":{"line":2,"column":6437},"end":{"line":2,"column":6448}},"211":{"start":{"line":2,"column":6456},"end":{"line":2,"column":6458}},"212":{"start":{"line":2,"column":6466},"end":{"line":2,"column":6468}},"213":{"start":{"line":2,"column":6469},"end":{"line":2,"column":6665}},"214":{"start":{"line":2,"column":6480},"end":{"line":2,"column":6481}},"215":{"start":{"line":2,"column":6484},"end":{"line":2,"column":6493}},"216":{"start":{"line":2,"column":6511},"end":{"line":2,"column":6517}},"217":{"start":{"line":2,"column":6525},"end":{"line":2,"column":6529}},"218":{"start":{"line":2,"column":6530},"end":{"line":2,"column":6588}},"219":{"start":{"line":2,"column":6537},"end":{"line":2,"column":6587}},"220":{"start":{"line":2,"column":6548},"end":{"line":2,"column":6557}},"221":{"start":{"line":2,"column":6568},"end":{"line":2,"column":6586}},"222":{"start":{"line":2,"column":6595},"end":{"line":2,"column":6599}},"223":{"start":{"line":2,"column":6607},"end":{"line":2,"column":6612}},"224":{"start":{"line":2,"column":6613},"end":{"line":2,"column":6664}},"225":{"start":{"line":2,"column":6640},"end":{"line":2,"column":6652}},"226":{"start":{"line":2,"column":6652},"end":{"line":2,"column":6663}},"227":{"start":{"line":2,"column":6665},"end":{"line":2,"column":6688}},"228":{"start":{"line":2,"column":6688},"end":{"line":2,"column":6695}},"229":{"start":{"line":2,"column":6706},"end":{"line":2,"column":6714}},"230":{"start":{"line":2,"column":6721},"end":{"line":2,"column":7510}},"231":{"start":{"line":2,"column":6740},"end":{"line":2,"column":6753}},"232":{"start":{"line":2,"column":6756},"end":{"line":2,"column":6766}},"233":{"start":{"line":2,"column":6774},"end":{"line":2,"column":6779}},"234":{"start":{"line":2,"column":6787},"end":{"line":2,"column":6788}},"235":{"start":{"line":2,"column":6796},"end":{"line":2,"column":6810}},"236":{"start":{"line":2,"column":6818},"end":{"line":2,"column":6820}},"237":{"start":{"line":2,"column":6821},"end":{"line":2,"column":7492}},"238":{"start":{"line":2,"column":6832},"end":{"line":2,"column":6833}},"239":{"start":{"line":2,"column":6837},"end":{"line":2,"column":6846}},"240":{"start":{"line":2,"column":6866},"end":{"line":2,"column":6872}},"241":{"start":{"line":2,"column":6880},"end":{"line":2,"column":6886}},"242":{"start":{"line":2,"column":6894},"end":{"line":2,"column":6900}},"243":{"start":{"line":2,"column":6908},"end":{"line":2,"column":7216}},"244":{"start":{"line":2,"column":6933},"end":{"line":2,"column":6941}},"245":{"start":{"line":2,"column":6954},"end":{"line":2,"column":6969}},"246":{"start":{"line":2,"column":6970},"end":{"line":2,"column":7099}},"247":{"start":{"line":2,"column":6977},"end":{"line":2,"column":6996}},"248":{"start":{"line":2,"column":6996},"end":{"line":2,"column":7004}},"249":{"start":{"line":2,"column":7010},"end":{"line":2,"column":7085}},"250":{"start":{"line":2,"column":7021},"end":{"line":2,"column":7022}},"251":{"start":{"line":2,"column":7034},"end":{"line":2,"column":7043}},"252":{"start":{"line":2,"column":7043},"end":{"line":2,"column":7062}},"253":{"start":{"line":2,"column":7062},"end":{"line":2,"column":7084}},"254":{"start":{"line":2,"column":7069},"end":{"line":2,"column":7078}},"255":{"start":{"line":2,"column":7078},"end":{"line":2,"column":7083}},"256":{"start":{"line":2,"column":7085},"end":{"line":2,"column":7098}},"257":{"start":{"line":2,"column":7093},"end":{"line":2,"column":7097}},"258":{"start":{"line":2,"column":7099},"end":{"line":2,"column":7144}},"259":{"start":{"line":2,"column":7144},"end":{"line":2,"column":7197}},"260":{"start":{"line":2,"column":7183},"end":{"line":2,"column":7192}},"261":{"start":{"line":2,"column":7192},"end":{"line":2,"column":7196}},"262":{"start":{"line":2,"column":7197},"end":{"line":2,"column":7215}},"263":{"start":{"line":2,"column":7205},"end":{"line":2,"column":7214}},"264":{"start":{"line":2,"column":7223},"end":{"line":2,"column":7225}},"265":{"start":{"line":2,"column":7226},"end":{"line":2,"column":7240}},"266":{"start":{"line":2,"column":7240},"end":{"line":2,"column":7491}},"267":{"start":{"line":2,"column":7248},"end":{"line":2,"column":7264}},"268":{"start":{"line":2,"column":7277},"end":{"line":2,"column":7282}},"269":{"start":{"line":2,"column":7290},"end":{"line":2,"column":7304}},"270":{"start":{"line":2,"column":7312},"end":{"line":2,"column":7324}},"271":{"start":{"line":2,"column":7325},"end":{"line":2,"column":7377}},"272":{"start":{"line":2,"column":7335},"end":{"line":2,"column":7361}},"273":{"start":{"line":2,"column":7361},"end":{"line":2,"column":7376}},"274":{"start":{"line":2,"column":7384},"end":{"line":2,"column":7399}},"275":{"start":{"line":2,"column":7400},"end":{"line":2,"column":7432}},"276":{"start":{"line":2,"column":7432},"end":{"line":2,"column":7458}},"277":{"start":{"line":2,"column":7458},"end":{"line":2,"column":7490}},"278":{"start":{"line":2,"column":7492},"end":{"line":2,"column":7509}},"279":{"start":{"line":2,"column":7511},"end":{"line":2,"column":7519}},"280":{"start":{"line":2,"column":7540},"end":{"line":2,"column":7542}},"281":{"start":{"line":2,"column":7545},"end":{"line":2,"column":7547}},"282":{"start":{"line":2,"column":7548},"end":{"line":2,"column":8035}},"283":{"start":{"line":2,"column":7574},"end":{"line":2,"column":7781}},"284":{"start":{"line":2,"column":7787},"end":{"line":2,"column":80
[...]
lumn":11},"end":{"line":500,"column":5}}],"line":496},"11":{"loc":{"start":{"line":517,"column":4},"end":{"line":521,"column":5}},"type":"if","locations":[{"start":{"line":517,"column":4},"end":{"line":521,"column":5}},{"start":{"line":519,"column":11},"end":{"line":521,"column":5}}],"line":517},"12":{"loc":{"start":{"line":554,"column":4},"end":{"line":556,"column":5}},"type":"if","locations":[{"start":{"line":554,"column":4},"end":{"line":556,"column":5}},{"start":{},"end":{}}],"line":554},"13":{"loc":{"start":{"line":572,"column":4},"end":{"line":574,"column":5}},"type":"if","locations":[{"start":{"line":572,"column":4},"end":{"line":574,"column":5}},{"start":{},"end":{}}],"line":572},"14":{"loc":{"start":{"line":619,"column":8},"end":{"line":627,"column":9}},"type":"if","locations":[{"start":{"line":619,"column":8},"end":{"line":627,"column":9}},{"start":{},"end":{}}],"line":619},"15":{"loc":{"start":{"line":619,"column":12},"end":{"line":619,"column":75}},"type":"binary-expr","locations":[{"start":{"line":619,"column":12},"end":{"line":619,"column":34}},{"start":{"line":619,"column":38},"end":{"line":619,"column":75}}],"line":619},"16":{"loc":{"start":{"line":623,"column":12},"end":{"line":625,"column":13}},"type":"if","locations":[{"start":{"line":623,"column":12},"end":{"line":625,"column":13}},{"start":{},"end":{}}],"line":623}},"s":{"0":1,"1":1,"2":1,"3":1,"4":1,"5":1,"6":1,"7":1,"8":1,"9":1,"10":1,"11":1,"12":1,"13":1,"14":1,"15":1,"16":1,"17":1,"18":0,"19":1,"20":1,"21":0,"22":0,"23":0,"24":0,"25":0,"26":0,"27":0,"28":0,"29":1,"30":0,"31":0,"32":0,"33":0,"34":1,"35":0,"36":0,"37":0,"38":0,"39":0,"40":1,"41":0,"42":0,"43":0,"44":0,"45":0,"46":0,"47":0,"48":0,"49":0,"50":1,"51":0,"52":0,"53":0,"54":0,"55":0,"56":1,"57":1,"58":1,"59":1,"60":0,"61":1,"62":0,"63":0,"64":0,"65":0,"66":1,"67":0,"68":0,"69":0,"70":0,"71":1,"72":0,"73":0,"74":0,"75":0,"76":1,"77":0,"78":0,"79":0,"80":0,"81":1,"82":0,"83":0,"84":0,"85":0,"86":0,"87":1,"88":0,"89":0,"90":0,"91":0,"92":0,"93":1,"94":0,"95":0,"96":0,"97":0,"98":0,"99":0,"100":0,"101":1,"102":0,"103":0,"104":0,"105":0,"106":0,"107":0,"108":1,"109":0,"110":0,"111":0,"112":0,"113":0,"114":1,"115":0,"116":0,"117":0,"118":0,"119":0,"120":0,"121":0,"122":1,"123":0,"124":0,"125":0,"126":0,"127":0,"128":0,"129":0,"130":1,"131":0,"132":0,"133":0,"134":0,"135":0,"136":0,"137":0,"138":0,"139":1,"140":0,"141":0,"142":0,"143":0,"144":0,"145":0,"146":0,"147":0,"148":0,"149":1,"150":0,"151":0,"152":0,"153":0,"154":0,"155":1,"156":0,"157":0,"158":0,"159":0,"160":0,"161":0,"162":0,"163":1,"164":0,"165":0,"166":0,"167":0,"168":0,"169":0,"170":0,"171":1,"172":0,"173":0,"174":0,"175":0,"176":0,"177":0,"178":0,"179":0,"180":0,"181":0,"182":0,"183":0,"184":0,"185":0,"186":1,"187":0,"188":0,"189":0,"190":0,"191":0,"192":0,"193":0,"194":0,"195":1,"196":0,"197":0,"198":0,"199":0,"200":0,"201":0,"202":0,"203":0,"204":0,"205":0,"206":0,"207":1,"208":0,"209":0,"210":0,"211":0,"212":1,"213":0,"214":0,"215":0,"216":0,"217":0,"218":0,"219":0,"220":0,"221":1,"222":0,"223":0,"224":0,"225":0,"226":0,"227":0,"228":0,"229":0,"230":0,"231":0,"232":0,"233":0,"234":0,"235":0,"236":1,"237":0,"238":0,"239":0,"240":0,"241":0,"242":0,"243":0,"244":0,"245":0,"246":0,"247":1,"248":0,"249":0,"250":0,"251":0,"252":0,"253":0,"254":0,"255":0,"256":0,"257":0,"258":0,"259":0,"260":0,"261":0,"262":1,"263":0,"264":0,"265":0,"266":0,"267":0,"268":0,"269":0,"270":0,"271":0,"272":1,"273":0,"274":0,"275":0,"276":0,"277":0,"278":0,"279":0,"280":0,"281":0,"282":1,"283":0,"284":0,"285":0,"286":0,"287":0,"288":0,"289":0,"290":0,"291":1,"292":0,"293":0,"294":0,"295":0,"296":0,"297":0,"298":0,"299":1,"300":0,"301":0,"302":0,"303":0,"304":0,"305":0,"306":0,"307":0,"308":0,"309":0,"310":0,"311":0,"312":0,"313":0,"314":0,"315":0,"316":0,"317":0,"318":1,"319":0,"320":0,"321":0,"322":0,"323":0,"324":0,"325":0,"326":1,"327":0,"328":0,"329":0,"330":0,"331":0,"332":0,"333":0,"334":0,"335":0,"336":0,"337":0,"338":0,"339":0,"340":1},"f":{"0":0,"1":1,"2":0,"3":0,"4":0,"5":0,"6":0,"7":0,"8":1,"9":0,"10":0,"11":0,"12":0,"13":0,"14":0,"15":0,"16":0,"17":0,"18":0,"19":0,"20":0,"21":0,"22":0,"23":0,"24":0,"25":0,"26":0,"27":0,"28":0,"29":0,"30":0,"31":0,"32":0,"33":0,"34":0,"35":0,"36":0,"37":0,"38":0,"39":0,"40":0,"41":0,"42":0,"43":0},"b":{"0":[0,0],"1":[0,0],"2":[0,0],"3":[0,0],"4":[0,0],"5":[0,0],"6":[0,0],"7":[0,0,0,0,0],"8":[0,0],"9":[0,0],"10":[0,0],"11":[0,0],"12":[0,0],"13":[0,0],"14":[0,0],"15":[0,0],"16":[0,0]},"_coverageSchema":"1a1c01bbd47fc00a2c39e90264f33305004495a9","hash":"5c43d624394af35a747ced3a0a349d38abdb01aa"}
,"C:\\Projects\\webdev\\NGOreactproject\\Gith_project\\GoodWill_2.0\\backend\\routes\\user.js": {"path":"C:\\Projects\\webdev\\NGOreactproject\\Gith_project\\GoodWill_2.0\\backend\\routes\\user.js","statementMap":{"0":{"start":{"line":1,"column":19},"end":{"line":1,"column":37}},"1":{"start":{"line":2,"column":13},"end":{"line":2,"column":43}},"2":{"start":{"line":3,"column":15},"end":{"line":3,"column":23}},"3":{"start":{"line":5,"column":0},"end":{"line":9,"column":3}},"4":{"start":{"line":6,"column":4},"end":{"line":8,"column":7}},"5":{"start":{"line":11,"column":0},"end":{"line":15,"column":3}},"6":{"start":{"line":12,"column":4},"end":{"line":14,"column":7}},"7":{"start":{"line":17,"column":0},"end":{"line":30,"column":3}},"8":{"start":{"line":18,"column":32},"end":{"line":18,"column":40}},"9":{"start":{"line":19,"column":4},"end":{"line":29,"column":5}},"10":{"start":{"line":20,"column":22},"end":{"line":20,"column":79}},"11":{"start":{"line":21,"column":8},"end":{"line":21,"column":61}},"12":{"start":{"line":24,"column":8},"end":{"line":27,"column":11}},"13":{"start":{"line":28,"column":8},"end":{"line":28,"column":38}},"14":{"start":{"line":32,"column":0},"end":{"line":34,"column":3}},"15":{"start":{"line":33,"column":4},"end":{"line":33,"column":51}},"16":{"start":{"line":36,"column":0},"end":{"line":44,"column":3}},"17":{"start":{"line":37,"column":42},"end":{"line":37,"column":50}},"18":{"start":{"line":38,"column":4},"end":{"line":42,"column":7}},"19":{"start":{"line":43,"column":4},"end":{"line":43,"column":37}},"20":{"start":{"line":46,"column":0},"end":{"line":46,"column":24}}},"fnMap":{"0":{"name":"(anonymous_0)","decl":{"start":{"line":5,"column":22},"end":{"line":5,"column":23}},"loc":{"start":{"line":5,"column":36},"end":{"line":9,"column":1}},"line":5},"1":{"name":"(anonymous_1)","decl":{"start":{"line":11,"column":22},"end":{"line":11,"column":23}},"loc":{"start":{"line":11,"column":36},"end":{"line":15,"column":1}},"line":11},"2":{"name":"(anonymous_2)","decl":{"start":{"line":17,"column":23},"end":{"line":17,"column":24}},"loc":{"start":{"line":17,"column":43},"end":{"line":30,"column":1}},"line":17},"3":{"name":"(anonymous_3)","decl":{"start":{"line":32,"column":22},"end":{"line":32,"column":23}},"loc":{"start":{"line":32,"column":36},"end":{"line":34,"column":1}},"line":32},"4":{"name":"(anonymous_4)","decl":{"start":{"line":36,"column":23},"end":{"line":36,"column":24}},"loc":{"start":{"line":36,"column":43},"end":{"line":44,"column":1}},"line":36}},"branchMap":{},"s":{"0":0,"1":0,"2":0,"3":0,"4":0,"5":0,"6":0,"7":0,"8":0,"9":0,"10":0,"11":0,"12":0,"13":0,"14":0,"15":0,"16":0,"17":0,"18":0,"19":0,"20":0},"f":{"0":0,"1":0,"2":0,"3":0,"4":0},"b":{}}
,"C:\\Projects\\webdev\\NGOreactproject\\Gith_project\\GoodWill_2.0\\backend\\routes\\userinfo.js": {"path":"C:\\Projects\\webdev\\NGOreactproject\\Gith_project\\GoodWill_2.0\\backend\\routes\\userinfo.js","statementMap":{"0":{"start":{"line":1,"column":16},"end":{"line":1,"column":34}},"1":{"start":{"line":2,"column":15},"end":{"line":2,"column":31}},"2":{"start":{"line":3,"column":19},"end":{"line":3,"column":41}},"3":{"start":{"line":4,"column":23},"end":{"line":4,"column":45}},"4":{"start":{"line":5,"column":13},"end":{"line":5,"column":50}},"5":{"start":{"line":6,"column":17},"end":{"line":6,"column":57}},"6":{"start":{"line":7,"column":19},"end":{"line":7,"column":59}},"7":{"start":{"line":8,"column":22},"end":{"line":8,"column":57}},"8":{"start":{"line":9,"column":19},"end":{"line":9,"column":54}},"9":{"start":{"line":10,"column":15},"end":{"line":10,"column":32}},"10":{"start":{"line":11,"column":13},"end":{"line":11,"column":28}},"11":{"start":{"line":12,"column":16},"end":{"line":12,"column":31}},"12":{"start":{"line":13,"column":17},"end":{"line":13,"column":57}},"13":{"start":{"line":15,"column":16},"end":{"line":22,"column":2}},"14":{"start":{"line":17,"column":4},"end":{"line":17,"column":25}},"15":{"start":{"line":20,"column":4},"end":{"line":20,"column":59}},"16":{"start":{"line":24,"column":15},"end":{"line":24,"column":43}},"17":{"start":{"line":45,"column":0},"end":{"line":56,"column":3}},"18":{"start":{"line":46,"column":2},"end":{"line":55,"column":3}},"19":{"start":{"line":47,"column":17},"end":{"line":47,"column":32}},"20":{"start":{"line":50,"column":25},"end":{"line":50,"column":56}},"21":{"start":{"line":51,"column":4},"end":{"line":51,"column":33}},"22":{"start":{"line":52,"column":4},"end":{"line":52,"column":30}},"23":{"start":{"line":54,"column":4},"end":{"line":54,"column":51}},"24":{"start":{"line":81,"column":0},"end":{"line":99,"column":3}},"25":{"start":{"line":82,"column":2},"end":{"line":98,"column":3}},"26":{"start":{"line":83,"column":4},"end":{"line":83,"column":38}},"27":{"start":{"line":84,"column":21},"end":{"line":84,"column":38}},"28":{"start":{"line":86,"column":4},"end":{"line":86,"column":25}},"29":{"start":{"line":87,"column":22},"end":{"line":87,"column":83}},"30":{"start":{"line":88,"column":4},"end":{"line":88,"column":46}},"31":{"start":{"line":89,"column":24},"end":{"line":89,"column":25}},"32":{"start":{"line":91,"column":4},"end":{"line":93,"column":5}},"33":{"start":{"line":92,"column":6},"end":{"line":92,"column":57}},"34":{"start":{"line":94,"column":4},"end":{"line":94,"column":50}},"35":{"start":{"line":95,"column":4},"end":{"line":95,"column":43}},"36":{"start":{"line":97,"column":4},"end":{"line":97,"column":51}},"37":{"start":{"line":102,"column":0},"end":{"line":126,"column":3}},"38":{"start":{"line":103,"column":2},"end":{"line":125,"column":3}},"39":{"start":{"line":104,"column":4},"end":{"line":104,"column":44}},"40":{"start":{"line":105,"column":21},"end":{"line":105,"column":40}},"41":{"start":{"line":107,"column":4},"end":{"line":107,"column":25}},"42":{"start":{"line":108,"column":27},"end":{"line":108,"column":91}},"43":{"start":{"line":109,"column":4},"end":{"line":109,"column":58}},"44":{"start":{"line":110,"column":24},"end":{"line":110,"column":25}},"45":{"start":{"line":115,"column":4},"end":{"line":119,"column":4}},"46":{"start":{"line":116,"column":6},"end":{"line":118,"column":7}},"47":{"start":{"line":117,"column":8},"end":{"line":117,"column":44}},"48":{"start":{"line":121,"column":4},"end":{"line":121,"column":50}},"49":{"start":{"line":122,"column":4},"end":{"line":122,"column":48}},"50":{"start":{"line":124,"column":4},"end":{"line":124,"column":51}},"51":{"start":{"line":129,"column":0},"end":{"line":136,"column":3}},"52":{"start":{"line":130,"column":2},"end":{"line":135,"column":3}},"53":{"start":{"line":131,"column":25},"end":{"line":131,"column":42}},"54":{"start":{"line":132,"column":4},"end":{"line":132,"column":27}},"55":{"start":{"line":134,"column":4},"end":{"line":134,"column":51}},"56":{"start":{"line":138,"column":0},"end":{"line":178,"column":3}},"57":{"start":{"line":139,"column":18},"end":{"line":139,"column":26}},"58":{"start":{"line":140,"column":2},"end":{"line":140,"column":23}},"59":{"start":{"line":141,"column":2},"end":{"line":141,"column":24}},"60":{"start":{"line":142,"column":21},"end":{"line":142,"column":83}},"61":{"start":{"line":143,"column":17},"end":{"line":143,"column":31}},"62":{"start":{"line":144,"column":13},"end":{"line":144,"column":47}},"63":{"start":{"line":145,"column":2},"end":{"line":177,"column":3}},"64":{"start":{"line":146,"column":4},"end":{"line":172,"column":5}},"65":{"start":{"line":147,"column":6},"end":{"line":156,"column":9}},"66":{"start":{"line":158,"column":6},"end":{"line":158,"column":24}},"67":{"start":{"line":159,"column":6},"end":{"line":159,"column":75}},"68":{"start":{"line":162,"column":6},"end":{"line":168,"column":38}},"69":{"start":{"line":170,"column":6},"end":{"line":170,"column":24}},"70":{"start":{"line":171,"column":6},"end":{"line":171,"column":71}},"71":{"start":{"line":175,"column":4},"end":{"line":175,"column":33}},"72":{"start":{"line":176,"column":4},"end":{"line":176,"column":61}},"73":{"start":{"line":180,"column":0},"end":{"line":210,"column":3}},"74":{"start":{"line":181,"column":18},"end":{"line":181,"column":26}},"75":{"start":{"line":183,"column":2},"end":{"line":183,"column":23}},"76":{"start":{"line":185,"column":24},"end":{"line":185,"column":46}},"77":{"start":{"line":186,"column":21},"end":{"line":186,"column":74}},"78":{"start":{"line":187,"column":2},"end":{"line":190,"column":3}},"79":{"start":{"line":188,"column":4},"end":{"line":188,"column":20}},"80":{"start":{"line":189,"column":4},"end":{"line":189,"column":53}},"81":{"start":{"line":191,"column":2},"end":{"line":209,"column":3}},"82":{"start":{"line":192,"column":4},"end":{"line":192,"column":30}},"83":{"start":{"line":193,"column":4},"end":{"line":193,"column":49}},"84":{"start":{"line":195,"column":4},"end":{"line":195,"column":28}},"85":{"start":{"line":196,"column":4},"end":{"line":196,"column":32}},"86":{"start":{"line":197,"column":20},"end":{"line":197,"column":30}},"87":{"start":{"line":198,"column":4},"end":{"line":198,"column":34}},"88":{"start":{"line":199,"column":4},"end":{"line":205,"column":45}},"89":{"start":{"line":206,"column":4},"end":{"line":208,"column":7}},"90":{"start":{"line":207,"column":6},"end":{"line":207,"column":40}},"91":{"start":{"line":248,"column":0},"end":{"line":285,"column":3}},"92":{"start":{"line":249,"column":2},"end":{"line":249,"column":24}},"93":{"start":{"line":251,"column":4},"end":{"line":251,"column":12}},"94":{"start":{"line":252,"column":2},"end":{"line":260,"column":3}},"95":{"start":{"line":253,"column":25},"end":{"line":253,"column":47}},"96":{"start":{"line":254,"column":4},"end":{"line":254,"column":30}},"97":{"start":{"line":255,"column":4},"end":{"line":255,"column":30}},"98":{"start":{"line":256,"column":4},"end":{"line":256,"column":74}},"99":{"start":{"line":258,"column":4},"end":{"line":258,"column":56}},"100":{"start":{"line":259,"column":4},"end":{"line":259,"column":61}},"101":{"start":{"line":261,"column":15},"end":{"line":264,"column":4}},"102":{"start":{"line":266,"column":2},"end":{"line":279,"column":47}},"103":{"start":{"line":268,"column":4},"end":{"line":278,"column":6}},"104":{"start":{"line":279,"column":9},"end":{"line":279,"column":47}},"105":{"start":{"line":280,"column":17},"end":{"line":283,"column":4}},"106":{"start":{"line":284,"column":2},"end":{"line":284,"column":22}},"107":{"start":{"line":287,"column":0},"end":{"line":287,"column":24}}},"fnMap":{"0":{"name":"(anonymous_0)","decl":{"start":{"line":16,"column":15},"end":{"line":16,"column":16}},"loc":{"start":{"line":16,"column":40},"end":{"line":18,"column":3}},"line":16},"1":{"name":"(anonymous_1)","decl":{"start":{"line":19,"column":12},"end":{"line":19,"column":13}},"loc":{"start":{"line":19,"column":37},"end":{"line":21,"column":3}},"line":19},"2":{"name":"(anonymous_2)","decl":{"start":{"line":45,"column":21},"end":{"line":45,"column":22}},"loc":{"start":{"line":45,"column":47},"end":{"line":56,"column":1}},"line":45},"3":{"name":"(anonymous_3)","decl":{"start":{"line":81,"column":34},"end":{"line":81,"column":35}},"loc":{"start":{"line":81,"column":54},"end":{"line":99,"column":1}},"line":81},"4":{"name":"(anonymous_4)","decl":{"start":{"line":102,"column":39},"end":{"line":102,"column":40}},"loc":{"start":{"line":102,"column":59},"end":{"line":126,"column":1}},"line":102},"5":{"name":"(anonymous_5)","decl":{"start":{"line":129,"column":16},"end":{"line":129,"column":17}},"loc":{"start":{"line":129,"column":42},"end":{"line":136,"column":1}},"line":129},"6":{"name":"(anonymous_6)","decl":{"start":{"line":138,"column":41},"end":{"line":138,"column":42}},"loc":{"start":{"line":138,"column":67},"end":{"line":178,"column":1}},"line":138},"7":{"name":"(anonymous_7)","decl":{"start":{"line":180,"column":17},"end":{"line":180,"column":18}},"loc":{"start":{"line":180,"column":43},"end":{"line":210,"column":1}},"line":180},"8":{"name":"(anonymous_8)","decl":{"start":{"line":206,"column":26},"end":{"line":206,"column":27}},"loc":{"start":{"line":206,"column":32},"end":{"line":208,"column":5}},"line":206},"9":{"name":"(anonymous_9)","decl":{"start":{"line":248,"column":25},"end":{"line":248,"column":26}},"loc":{"start":{"line":248,"column":45},"end":{"line":285,"column":1}},"line":248}},"branchMap":{"0":{"loc":{"start":{"line":146,"column":4},"end":{"line":172,"column":5}},"type":"if","locations":[{"start":{"line":146,"column":4},"end":{"line":172,"column":5}},{"start":{"line":160,"column":11},"end":{"line":172,"column":5}}],"line":146},"1":{"loc":{"start":{"line":187,"column":2},"end":{"line":190,"column":3}},"type":"if","locations":[{"start":{"line":187,"column":2},"end":{"line":190,"column":3}},{"start":{},"end":{}}],"line":187},"2":{"loc":{"start":{"line":191,"column":2},"end":{"line":209,"column":3}},"type":"if","locations":[{"start":{"line":191,"column":2},"end":{"line":209,"column":3}},{"start":{"line":194,"column":9},"end":{"line":209,"column":3}}],"line":191},"3":{"loc":{"start":{"line":266,"column":2},"end":{"line":279,"column":47}},"type":"if","locations":[{"start":{"line":266,"column":2},"end":{"line":279,"column":47}},{"start":{"line":279,"column":9},"end":{"line":279,"column":47}}],"line":266}},"s":{"0":1,"1":1,"2":1,"3":1,"4":1,"5":1,"6":1,"7":1,"8":1,"9":1,"10":1,"11":1,"12":1,"13":1,"14":0,"15":0,"16":1,"17":1,"18":0,"19":0,"20":0,"21":0,"22":0,"23":0,"24":1,"25":0,"26":0,"27":0,"28":0,"29":0,"30":0,"31":0,"32":0,"33":0,"34":0,"35":0,"36":0,"37":1,"38":0,"39":0,"40":0,"41":0,"42":0,"43":0,"44":0,"45":0,"46":0,"47":0,"48":0,"49":0,"50":0,"51":1,"52":0,"53":0,"54":0,"55":0,"56":1,"57":0,"58":0,"59":0,"60":0,"61":0,"62":0,"63":0,"64":0,"65":0,"66":0,"67":0,"68":0,"69":0,"70":0,"71":0,"72":0,"73":1,"74":0,"75":0,"76":0,"77":0,"78":0,"79":0,"80":0,"81":0,"82":0,"83":0,"84":0,"85":0,"86":0,"87":0,"88":0,"89":0,"90":0,"91":1,"92":0,"93":0,"94":0,"95":0,"96":0,"97":0,"98":0,"99":0,"100":0,"101":0,"102":0,"103":0,"104":0,"105":0,"106":0,"107":1},"f":{"0":0,"1":0,"2":0,"3":0,"4":0,"5":0,"6":0,"7":0,"8":0,"9":0},"b":{"0":[0,0],"1":[0,0],"2":[0,0],"3":[0,0]},"_coverageSchema":"1a1c01bbd47fc00a2c39e90264f33305004495a9","hash":"7cc635ffc07521e6b3183cc8f00460b6050148eb"}
,"C:\\Projects\\webdev\\NGOreactproject\\Gith_project\\GoodWill_2.0\\backend\\services\\authentication.js": {"path":"C:\\Projects\\webdev\\NGOreactproject\\Gith_project\\GoodWill_2.0\\backend\\services\\authentication.js","statementMap":{"0":{"start":{"line":1,"column":12},"end":{"line":1,"column":35}},"1":{"start":{"line":2,"column":15},"end":{"line":2,"column":31}},"2":{"start":{"line":6,"column":20},"end":{"line":11,"column":5}},"3":{"start":{"line":12,"column":18},"end":{"line":12,"column":43}},"4":{"start":{"line":13,"column":4},"end":{"line":13,"column":17}},"5":{"start":{"line":17,"column":20},"end":{"line":17,"column":45}},"6":{"start":{"line":18,"column":4},"end":{"line":18,"column":19}},"7":{"start":{"line":21,"column":0},"end":{"line":24,"column":2}}},"fnMap":{"0":{"name":"createTokenForUser","decl":{"start":{"line":5,"column":9},"end":{"line":5,"column":27}},"loc":{"start":{"line":5,"column":33},"end":{"line":14,"column":1}},"line":5},"1":{"name":"validateToken","decl":{"start":{"line":16,"column":9},"end":{"line":16,"column":22}},"loc":{"start":{"line":16,"column":29},"end":{"line":19,"column":1}},"line":16}},"branchMap":{},"s":{"0":0,"1":0,"2":0,"3":0,"4":0,"5":0,"6":0,"7":0},"f":{"0":0,"1":0},"b":{}}
}
